{"C:\\Users\\mnoth\\OneDrive\\Seen\\build\\api1.js": {"path":"C:\\Users\\mnoth\\OneDrive\\Seen\\build\\api1.js","statementMap":{"0":{"start":{"line":2,"column":16},"end":{"line":10,"column":1}},"1":{"start":{"line":3,"column":28},"end":{"line":3,"column":110}},"2":{"start":{"line":3,"column":91},"end":{"line":3,"column":106}},"3":{"start":{"line":4,"column":4},"end":{"line":9,"column":7}},"4":{"start":{"line":5,"column":36},"end":{"line":5,"column":97}},"5":{"start":{"line":5,"column":42},"end":{"line":5,"column":70}},"6":{"start":{"line":5,"column":85},"end":{"line":5,"column":95}},"7":{"start":{"line":6,"column":35},"end":{"line":6,"column":100}},"8":{"start":{"line":6,"column":41},"end":{"line":6,"column":73}},"9":{"start":{"line":6,"column":88},"end":{"line":6,"column":98}},"10":{"start":{"line":7,"column":32},"end":{"line":7,"column":116}},"11":{"start":{"line":8,"column":8},"end":{"line":8,"column":78}},"12":{"start":{"line":11,"column":22},"end":{"line":13,"column":1}},"13":{"start":{"line":12,"column":4},"end":{"line":12,"column":62}},"14":{"start":{"line":14,"column":0},"end":{"line":14,"column":62}},"15":{"start":{"line":15,"column":0},"end":{"line":15,"column":22}},"16":{"start":{"line":16,"column":18},"end":{"line":16,"column":53}},"17":{"start":{"line":17,"column":21},"end":{"line":17,"column":54}},"18":{"start":{"line":18,"column":20},"end":{"line":18,"column":52}},"19":{"start":{"line":21,"column":8},"end":{"line":21,"column":44}},"20":{"start":{"line":22,"column":8},"end":{"line":22,"column":25}},"21":{"start":{"line":25,"column":8},"end":{"line":50,"column":11}},"22":{"start":{"line":26,"column":12},"end":{"line":28,"column":15}},"23":{"start":{"line":27,"column":36},"end":{"line":27,"column":132}},"24":{"start":{"line":29,"column":31},"end":{"line":29,"column":65}},"25":{"start":{"line":30,"column":39},"end":{"line":30,"column":41}},"26":{"start":{"line":31,"column":12},"end":{"line":49,"column":13}},"27":{"start":{"line":32,"column":36},"end":{"line":32,"column":123}},"28":{"start":{"line":33,"column":16},"end":{"line":45,"column":17}},"29":{"start":{"line":34,"column":20},"end":{"line":34,"column":119}},"30":{"start":{"line":34,"column":80},"end":{"line":34,"column":117}},"31":{"start":{"line":38,"column":20},"end":{"line":38,"column":126}},"32":{"start":{"line":39,"column":38},"end":{"line":39,"column":106}},"33":{"start":{"line":40,"column":20},"end":{"line":40,"column":72}},"34":{"start":{"line":43,"column":34},"end":{"line":43,"column":54}},"35":{"start":{"line":44,"column":20},"end":{"line":44,"column":68}},"36":{"start":{"line":48,"column":16},"end":{"line":48,"column":31}},"37":{"start":{"line":53,"column":8},"end":{"line":89,"column":11}},"38":{"start":{"line":54,"column":26},"end":{"line":54,"column":46}},"39":{"start":{"line":55,"column":35},"end":{"line":55,"column":37}},"40":{"start":{"line":56,"column":38},"end":{"line":56,"column":40}},"41":{"start":{"line":57,"column":12},"end":{"line":87,"column":13}},"42":{"start":{"line":58,"column":16},"end":{"line":80,"column":19}},"43":{"start":{"line":59,"column":20},"end":{"line":79,"column":21}},"44":{"start":{"line":60,"column":45},"end":{"line":74,"column":25}},"45":{"start":{"line":75,"column":24},"end":{"line":75,"column":62}},"46":{"start":{"line":78,"column":24},"end":{"line":78,"column":62}},"47":{"start":{"line":81,"column":16},"end":{"line":81,"column":61}},"48":{"start":{"line":84,"column":16},"end":{"line":84,"column":47}},"49":{"start":{"line":85,"column":16},"end":{"line":85,"column":38}},"50":{"start":{"line":86,"column":16},"end":{"line":86,"column":41}},"51":{"start":{"line":88,"column":12},"end":{"line":88,"column":68}},"52":{"start":{"line":92,"column":8},"end":{"line":118,"column":11}},"53":{"start":{"line":94,"column":12},"end":{"line":116,"column":13}},"54":{"start":{"line":95,"column":16},"end":{"line":105,"column":20}},"55":{"start":{"line":95,"column":66},"end":{"line":105,"column":18}},"56":{"start":{"line":96,"column":20},"end":{"line":96,"column":45}},"57":{"start":{"line":97,"column":20},"end":{"line":101,"column":23}},"58":{"start":{"line":98,"column":24},"end":{"line":100,"column":25}},"59":{"start":{"line":99,"column":28},"end":{"line":99,"column":73}},"60":{"start":{"line":102,"column":20},"end":{"line":104,"column":21}},"61":{"start":{"line":103,"column":24},"end":{"line":103,"column":87}},"62":{"start":{"line":108,"column":16},"end":{"line":110,"column":17}},"63":{"start":{"line":109,"column":20},"end":{"line":109,"column":42}},"64":{"start":{"line":112,"column":16},"end":{"line":114,"column":17}},"65":{"start":{"line":113,"column":20},"end":{"line":113,"column":45}},"66":{"start":{"line":117,"column":12},"end":{"line":117,"column":29}},"67":{"start":{"line":121,"column":8},"end":{"line":142,"column":11}},"68":{"start":{"line":122,"column":12},"end":{"line":141,"column":13}},"69":{"start":{"line":123,"column":38},"end":{"line":123,"column":67}},"70":{"start":{"line":124,"column":16},"end":{"line":137,"column":19}},"71":{"start":{"line":126,"column":20},"end":{"line":136,"column":21}},"72":{"start":{"line":127,"column":42},"end":{"line":131,"column":25}},"73":{"start":{"line":132,"column":24},"end":{"line":132,"column":114}},"74":{"start":{"line":133,"column":24},"end":{"line":133,"column":80}},"75":{"start":{"line":134,"column":24},"end":{"line":134,"column":79}},"76":{"start":{"line":135,"column":24},"end":{"line":135,"column":68}},"77":{"start":{"line":140,"column":16},"end":{"line":140,"column":23}},"78":{"start":{"line":145,"column":0},"end":{"line":145,"column":20}},"79":{"start":{"line":152,"column":85},"end":{"line":152,"column":37842}},"80":{"start":{"line":152,"column":89},"end":{"line":152,"column":37831}}},"fnMap":{"0":{"name":"(anonymous_0)","decl":{"start":{"line":2,"column":44},"end":{"line":2,"column":45}},"loc":{"start":{"line":2,"column":89},"end":{"line":10,"column":1}},"line":2},"1":{"name":"adopt","decl":{"start":{"line":3,"column":13},"end":{"line":3,"column":18}},"loc":{"start":{"line":3,"column":26},"end":{"line":3,"column":112}},"line":3},"2":{"name":"(anonymous_2)","decl":{"start":{"line":3,"column":70},"end":{"line":3,"column":71}},"loc":{"start":{"line":3,"column":89},"end":{"line":3,"column":108}},"line":3},"3":{"name":"(anonymous_3)","decl":{"start":{"line":4,"column":36},"end":{"line":4,"column":37}},"loc":{"start":{"line":4,"column":63},"end":{"line":9,"column":5}},"line":4},"4":{"name":"fulfilled","decl":{"start":{"line":5,"column":17},"end":{"line":5,"column":26}},"loc":{"start":{"line":5,"column":34},"end":{"line":5,"column":99}},"line":5},"5":{"name":"rejected","decl":{"start":{"line":6,"column":17},"end":{"line":6,"column":25}},"loc":{"start":{"line":6,"column":33},"end":{"line":6,"column":102}},"line":6},"6":{"name":"step","decl":{"start":{"line":7,"column":17},"end":{"line":7,"column":21}},"loc":{"start":{"line":7,"column":30},"end":{"line":7,"column":118}},"line":7},"7":{"name":"(anonymous_7)","decl":{"start":{"line":11,"column":56},"end":{"line":11,"column":57}},"loc":{"start":{"line":11,"column":71},"end":{"line":13,"column":1}},"line":11},"8":{"name":"(anonymous_8)","decl":{"start":{"line":20,"column":4},"end":{"line":20,"column":5}},"loc":{"start":{"line":20,"column":22},"end":{"line":23,"column":5}},"line":20},"9":{"name":"(anonymous_9)","decl":{"start":{"line":24,"column":4},"end":{"line":24,"column":5}},"loc":{"start":{"line":24,"column":22},"end":{"line":51,"column":5}},"line":24},"10":{"name":"(anonymous_10)","decl":{"start":{"line":25,"column":47},"end":{"line":25,"column":48}},"loc":{"start":{"line":25,"column":60},"end":{"line":50,"column":9}},"line":25},"11":{"name":"(anonymous_11)","decl":{"start":{"line":26,"column":39},"end":{"line":26,"column":40}},"loc":{"start":{"line":26,"column":45},"end":{"line":28,"column":13}},"line":26},"12":{"name":"(anonymous_12)","decl":{"start":{"line":34,"column":63},"end":{"line":34,"column":64}},"loc":{"start":{"line":34,"column":80},"end":{"line":34,"column":117}},"line":34},"13":{"name":"(anonymous_13)","decl":{"start":{"line":52,"column":4},"end":{"line":52,"column":5}},"loc":{"start":{"line":52,"column":48},"end":{"line":90,"column":5}},"line":52},"14":{"name":"(anonymous_14)","decl":{"start":{"line":53,"column":47},"end":{"line":53,"column":48}},"loc":{"start":{"line":53,"column":60},"end":{"line":89,"column":9}},"line":53},"15":{"name":"(anonymous_15)","decl":{"start":{"line":58,"column":45},"end":{"line":58,"column":46}},"loc":{"start":{"line":58,"column":62},"end":{"line":80,"column":17}},"line":58},"16":{"name":"(anonymous_16)","decl":{"start":{"line":91,"column":4},"end":{"line":91,"column":5}},"loc":{"start":{"line":91,"column":62},"end":{"line":119,"column":5}},"line":91},"17":{"name":"(anonymous_17)","decl":{"start":{"line":92,"column":47},"end":{"line":92,"column":48}},"loc":{"start":{"line":92,"column":60},"end":{"line":118,"column":9}},"line":92},"18":{"name":"(anonymous_18)","decl":{"start":{"line":95,"column":45},"end":{"line":95,"column":46}},"loc":{"start":{"line":95,"column":66},"end":{"line":105,"column":18}},"line":95},"19":{"name":"(anonymous_19)","decl":{"start":{"line":95,"column":98},"end":{"line":95,"column":99}},"loc":{"start":{"line":95,"column":111},"end":{"line":105,"column":17}},"line":95},"20":{"name":"(anonymous_20)","decl":{"start":{"line":97,"column":48},"end":{"line":97,"column":49}},"loc":{"start":{"line":97,"column":72},"end":{"line":101,"column":21}},"line":97},"21":{"name":"(anonymous_21)","decl":{"start":{"line":120,"column":4},"end":{"line":120,"column":5}},"loc":{"start":{"line":120,"column":56},"end":{"line":143,"column":5}},"line":120},"22":{"name":"(anonymous_22)","decl":{"start":{"line":121,"column":47},"end":{"line":121,"column":48}},"loc":{"start":{"line":121,"column":60},"end":{"line":142,"column":9}},"line":121},"23":{"name":"(anonymous_23)","decl":{"start":{"line":124,"column":44},"end":{"line":124,"column":45}},"loc":{"start":{"line":124,"column":61},"end":{"line":137,"column":17}},"line":124},"24":{"name":"oo_cm","decl":{"start":{"line":152,"column":77},"end":{"line":152,"column":82}},"loc":{"start":{"line":152,"column":84},"end":{"line":152,"column":37843}},"line":152}},"branchMap":{"0":{"loc":{"start":{"line":2,"column":16},"end":{"line":10,"column":1}},"type":"binary-expr","locations":[{"start":{"line":2,"column":17},"end":{"line":2,"column":21}},{"start":{"line":2,"column":25},"end":{"line":2,"column":39}},{"start":{"line":2,"column":44},"end":{"line":10,"column":1}}],"line":2},"1":{"loc":{"start":{"line":3,"column":35},"end":{"line":3,"column":109}},"type":"cond-expr","locations":[{"start":{"line":3,"column":56},"end":{"line":3,"column":61}},{"start":{"line":3,"column":64},"end":{"line":3,"column":109}}],"line":3},"2":{"loc":{"start":{"line":4,"column":16},"end":{"line":4,"column":34}},"type":"binary-expr","locations":[{"start":{"line":4,"column":16},"end":{"line":4,"column":17}},{"start":{"line":4,"column":22},"end":{"line":4,"column":33}}],"line":4},"3":{"loc":{"start":{"line":7,"column":32},"end":{"line":7,"column":115}},"type":"cond-expr","locations":[{"start":{"line":7,"column":46},"end":{"line":7,"column":67}},{"start":{"line":7,"column":70},"end":{"line":7,"column":115}}],"line":7},"4":{"loc":{"start":{"line":8,"column":51},"end":{"line":8,"column":67}},"type":"binary-expr","locations":[{"start":{"line":8,"column":51},"end":{"line":8,"column":61}},{"start":{"line":8,"column":65},"end":{"line":8,"column":67}}],"line":8},"5":{"loc":{"start":{"line":11,"column":22},"end":{"line":13,"column":1}},"type":"binary-expr","locations":[{"start":{"line":11,"column":23},"end":{"line":11,"column":27}},{"start":{"line":11,"column":31},"end":{"line":11,"column":51}},{"start":{"line":11,"column":56},"end":{"line":13,"column":1}}],"line":11},"6":{"loc":{"start":{"line":12,"column":11},"end":{"line":12,"column":61}},"type":"cond-expr","locations":[{"start":{"line":12,"column":37},"end":{"line":12,"column":40}},{"start":{"line":12,"column":43},"end":{"line":12,"column":61}}],"line":12},"7":{"loc":{"start":{"line":12,"column":12},"end":{"line":12,"column":33}},"type":"binary-expr","locations":[{"start":{"line":12,"column":12},"end":{"line":12,"column":15}},{"start":{"line":12,"column":19},"end":{"line":12,"column":33}}],"line":12},"8":{"loc":{"start":{"line":31,"column":12},"end":{"line":49,"column":13}},"type":"if","locations":[{"start":{"line":31,"column":12},"end":{"line":49,"column":13}},{"start":{"line":47,"column":17},"end":{"line":49,"column":13}}],"line":31},"9":{"loc":{"start":{"line":33,"column":16},"end":{"line":45,"column":17}},"type":"if","locations":[{"start":{"line":33,"column":16},"end":{"line":45,"column":17}},{"start":{"line":42,"column":21},"end":{"line":45,"column":17}}],"line":33},"10":{"loc":{"start":{"line":33,"column":20},"end":{"line":33,"column":59}},"type":"binary-expr","locations":[{"start":{"line":33,"column":20},"end":{"line":33,"column":32}},{"start":{"line":33,"column":36},"end":{"line":33,"column":59}}],"line":33},"11":{"loc":{"start":{"line":57,"column":12},"end":{"line":87,"column":13}},"type":"if","locations":[{"start":{"line":57,"column":12},"end":{"line":87,"column":13}},{"start":{"line":83,"column":17},"end":{"line":87,"column":13}}],"line":57},"12":{"loc":{"start":{"line":57,"column":16},"end":{"line":57,"column":71}},"type":"binary-expr","locations":[{"start":{"line":57,"column":16},"end":{"line":57,"column":36}},{"start":{"line":57,"column":40},"end":{"line":57,"column":71}}],"line":57},"13":{"loc":{"start":{"line":59,"column":20},"end":{"line":79,"column":21}},"type":"if","locations":[{"start":{"line":59,"column":20},"end":{"line":79,"column":21}},{"start":{"line":77,"column":25},"end":{"line":79,"column":21}}],"line":59},"14":{"loc":{"start":{"line":59,"column":24},"end":{"line":59,"column":133}},"type":"binary-expr","locations":[{"start":{"line":59,"column":24},"end":{"line":59,"column":79}},{"start":{"line":59,"column":83},"end":{"line":59,"column":133}}],"line":59},"15":{"loc":{"start":{"line":94,"column":12},"end":{"line":116,"column":13}},"type":"if","locations":[{"start":{"line":94,"column":12},"end":{"line":116,"column":13}},{"start":{"line":107,"column":17},"end":{"line":116,"column":13}}],"line":94},"16":{"loc":{"start":{"line":94,"column":16},"end":{"line":94,"column":116}},"type":"binary-expr","locations":[{"start":{"line":94,"column":16},"end":{"line":94,"column":23}},{"start":{"line":94,"column":27},"end":{"line":94,"column":47}},{"start":{"line":94,"column":51},"end":{"line":94,"column":82}},{"start":{"line":94,"column":86},"end":{"line":94,"column":116}}],"line":94},"17":{"loc":{"start":{"line":98,"column":24},"end":{"line":100,"column":25}},"type":"if","locations":[{"start":{"line":98,"column":24},"end":{"line":100,"column":25}},{"start":{},"end":{}}],"line":98},"18":{"loc":{"start":{"line":102,"column":20},"end":{"line":104,"column":21}},"type":"if","locations":[{"start":{"line":102,"column":20},"end":{"line":104,"column":21}},{"start":{},"end":{}}],"line":102},"19":{"loc":{"start":{"line":108,"column":16},"end":{"line":110,"column":17}},"type":"if","locations":[{"start":{"line":108,"column":16},"end":{"line":110,"column":17}},{"start":{},"end":{}}],"line":108},"20":{"loc":{"start":{"line":112,"column":16},"end":{"line":114,"column":17}},"type":"if","locations":[{"start":{"line":112,"column":16},"end":{"line":114,"column":17}},{"start":{},"end":{}}],"line":112},"21":{"loc":{"start":{"line":122,"column":12},"end":{"line":141,"column":13}},"type":"if","locations":[{"start":{"line":122,"column":12},"end":{"line":141,"column":13}},{"start":{"line":139,"column":17},"end":{"line":141,"column":13}}],"line":122},"22":{"loc":{"start":{"line":126,"column":20},"end":{"line":136,"column":21}},"type":"if","locations":[{"start":{"line":126,"column":20},"end":{"line":136,"column":21}},{"start":{},"end":{}}],"line":126},"23":{"loc":{"start":{"line":132,"column":24},"end":{"line":132,"column":113}},"type":"cond-expr","locations":[{"start":{"line":132,"column":84},"end":{"line":132,"column":90}},{"start":{"line":132,"column":93},"end":{"line":132,"column":113}}],"line":132},"24":{"loc":{"start":{"line":132,"column":24},"end":{"line":132,"column":81}},"type":"binary-expr","locations":[{"start":{"line":132,"column":24},"end":{"line":132,"column":64}},{"start":{"line":132,"column":68},"end":{"line":132,"column":81}}],"line":132},"25":{"loc":{"start":{"line":152,"column":96},"end":{"line":152,"column":37830}},"type":"binary-expr","locations":[{"start":{"line":152,"column":96},"end":{"line":152,"column":133}},{"start":{"line":152,"column":137},"end":{"line":152,"column":37830}}],"line":152}},"s":{"0":1,"1":0,"2":0,"3":12,"4":0,"5":0,"6":0,"7":0,"8":0,"9":0,"10":12,"11":12,"12":1,"13":1,"14":1,"15":1,"16":1,"17":1,"18":1,"19":1,"20":1,"21":0,"22":0,"23":0,"24":0,"25":0,"26":0,"27":0,"28":0,"29":0,"30":0,"31":0,"32":0,"33":0,"34":0,"35":0,"36":0,"37":2,"38":2,"39":2,"40":2,"41":2,"42":1,"43":2,"44":1,"45":1,"46":1,"47":1,"48":1,"49":1,"50":1,"51":2,"52":5,"53":5,"54":1,"55":2,"56":2,"57":2,"58":2,"59":0,"60":2,"61":0,"62":4,"63":4,"64":4,"65":4,"66":5,"67":3,"68":3,"69":2,"70":2,"71":2,"72":1,"73":1,"74":1,"75":1,"76":1,"77":1,"78":1,"79":0,"80":0},"f":{"0":12,"1":0,"2":0,"3":12,"4":0,"5":0,"6":12,"7":1,"8":1,"9":0,"10":0,"11":0,"12":0,"13":2,"14":2,"15":2,"16":5,"17":5,"18":2,"19":2,"20":2,"21":3,"22":3,"23":2,"24":0},"b":{"0":[1,1,1],"1":[0,0],"2":[12,12],"3":[12,0],"4":[12,12],"5":[1,1,1],"6":[0,1],"7":[1,1],"8":[0,0],"9":[0,0],"10":[0,0],"11":[1,1],"12":[2,2],"13":[1,1],"14":[2,1],"15":[1,4],"16":[5,5,5,2],"17":[0,2],"18":[0,2],"19":[4,0],"20":[4,0],"21":[2,1],"22":[1,1],"23":[0,1],"24":[1,1],"25":[0,0]},"inputSourceMap":null,"_coverageSchema":"1a1c01bbd47fc00a2c39e90264f33305004495a9","hash":"7949399ca319e4bd1af8778f8055698a9545264a"}
,"C:\\Users\\mnoth\\OneDrive\\Seen\\build\\api2.js": {"path":"C:\\Users\\mnoth\\OneDrive\\Seen\\build\\api2.js","statementMap":{"0":{"start":{"line":2,"column":16},"end":{"line":10,"column":1}},"1":{"start":{"line":3,"column":28},"end":{"line":3,"column":110}},"2":{"start":{"line":3,"column":91},"end":{"line":3,"column":106}},"3":{"start":{"line":4,"column":4},"end":{"line":9,"column":7}},"4":{"start":{"line":5,"column":36},"end":{"line":5,"column":97}},"5":{"start":{"line":5,"column":42},"end":{"line":5,"column":70}},"6":{"start":{"line":5,"column":85},"end":{"line":5,"column":95}},"7":{"start":{"line":6,"column":35},"end":{"line":6,"column":100}},"8":{"start":{"line":6,"column":41},"end":{"line":6,"column":73}},"9":{"start":{"line":6,"column":88},"end":{"line":6,"column":98}},"10":{"start":{"line":7,"column":32},"end":{"line":7,"column":116}},"11":{"start":{"line":8,"column":8},"end":{"line":8,"column":78}},"12":{"start":{"line":11,"column":22},"end":{"line":13,"column":1}},"13":{"start":{"line":12,"column":4},"end":{"line":12,"column":62}},"14":{"start":{"line":14,"column":0},"end":{"line":14,"column":62}},"15":{"start":{"line":15,"column":0},"end":{"line":15,"column":22}},"16":{"start":{"line":16,"column":18},"end":{"line":16,"column":53}},"17":{"start":{"line":17,"column":21},"end":{"line":17,"column":54}},"18":{"start":{"line":18,"column":20},"end":{"line":18,"column":52}},"19":{"start":{"line":21,"column":8},"end":{"line":21,"column":44}},"20":{"start":{"line":22,"column":8},"end":{"line":22,"column":25}},"21":{"start":{"line":25,"column":8},"end":{"line":49,"column":11}},"22":{"start":{"line":26,"column":12},"end":{"line":28,"column":15}},"23":{"start":{"line":27,"column":36},"end":{"line":27,"column":131}},"24":{"start":{"line":29,"column":31},"end":{"line":29,"column":65}},"25":{"start":{"line":30,"column":39},"end":{"line":30,"column":41}},"26":{"start":{"line":31,"column":12},"end":{"line":48,"column":13}},"27":{"start":{"line":32,"column":36},"end":{"line":32,"column":122}},"28":{"start":{"line":33,"column":16},"end":{"line":44,"column":17}},"29":{"start":{"line":34,"column":20},"end":{"line":34,"column":119}},"30":{"start":{"line":34,"column":80},"end":{"line":34,"column":117}},"31":{"start":{"line":35,"column":38},"end":{"line":35,"column":81}},"32":{"start":{"line":36,"column":46},"end":{"line":36,"column":110}},"33":{"start":{"line":37,"column":35},"end":{"line":37,"column":86}},"34":{"start":{"line":38,"column":51},"end":{"line":38,"column":97}},"35":{"start":{"line":39,"column":38},"end":{"line":39,"column":117}},"36":{"start":{"line":40,"column":20},"end":{"line":40,"column":72}},"37":{"start":{"line":43,"column":20},"end":{"line":43,"column":68}},"38":{"start":{"line":47,"column":16},"end":{"line":47,"column":31}},"39":{"start":{"line":52,"column":8},"end":{"line":70,"column":11}},"40":{"start":{"line":53,"column":27},"end":{"line":53,"column":29}},"41":{"start":{"line":54,"column":12},"end":{"line":68,"column":13}},"42":{"start":{"line":55,"column":16},"end":{"line":64,"column":19}},"43":{"start":{"line":56,"column":20},"end":{"line":63,"column":21}},"44":{"start":{"line":57,"column":37},"end":{"line":61,"column":25}},"45":{"start":{"line":62,"column":24},"end":{"line":62,"column":46}},"46":{"start":{"line":67,"column":16},"end":{"line":67,"column":55}},"47":{"start":{"line":69,"column":12},"end":{"line":69,"column":28}},"48":{"start":{"line":73,"column":8},"end":{"line":100,"column":11}},"49":{"start":{"line":74,"column":35},"end":{"line":74,"column":37}},"50":{"start":{"line":75,"column":12},"end":{"line":98,"column":13}},"51":{"start":{"line":77,"column":16},"end":{"line":94,"column":19}},"52":{"start":{"line":78,"column":20},"end":{"line":93,"column":23}},"53":{"start":{"line":80,"column":24},"end":{"line":85,"column":25}},"54":{"start":{"line":81,"column":28},"end":{"line":81,"column":55}},"55":{"start":{"line":83,"column":29},"end":{"line":85,"column":25}},"56":{"start":{"line":84,"column":28},"end":{"line":84,"column":52}},"57":{"start":{"line":86,"column":24},"end":{"line":92,"column":25}},"58":{"start":{"line":87,"column":53},"end":{"line":90,"column":29}},"59":{"start":{"line":91,"column":28},"end":{"line":91,"column":70}},"60":{"start":{"line":97,"column":16},"end":{"line":97,"column":64}},"61":{"start":{"line":99,"column":12},"end":{"line":99,"column":38}},"62":{"start":{"line":103,"column":8},"end":{"line":119,"column":11}},"63":{"start":{"line":104,"column":30},"end":{"line":104,"column":32}},"64":{"start":{"line":105,"column":12},"end":{"line":117,"column":13}},"65":{"start":{"line":106,"column":16},"end":{"line":113,"column":19}},"66":{"start":{"line":107,"column":20},"end":{"line":112,"column":21}},"67":{"start":{"line":108,"column":39},"end":{"line":108,"column":68}},"68":{"start":{"line":109,"column":24},"end":{"line":111,"column":25}},"69":{"start":{"line":110,"column":28},"end":{"line":110,"column":55}},"70":{"start":{"line":116,"column":16},"end":{"line":116,"column":55}},"71":{"start":{"line":118,"column":12},"end":{"line":118,"column":31}},"72":{"start":{"line":122,"column":8},"end":{"line":135,"column":11}},"73":{"start":{"line":123,"column":29},"end":{"line":123,"column":31}},"74":{"start":{"line":124,"column":12},"end":{"line":133,"column":13}},"75":{"start":{"line":125,"column":16},"end":{"line":132,"column":19}},"76":{"start":{"line":126,"column":20},"end":{"line":131,"column":21}},"77":{"start":{"line":127,"column":39},"end":{"line":127,"column":68}},"78":{"start":{"line":128,"column":24},"end":{"line":130,"column":25}},"79":{"start":{"line":129,"column":28},"end":{"line":129,"column":68}},"80":{"start":{"line":134,"column":12},"end":{"line":134,"column":30}},"81":{"start":{"line":138,"column":8},"end":{"line":153,"column":11}},"82":{"start":{"line":140,"column":35},"end":{"line":140,"column":37}},"83":{"start":{"line":141,"column":12},"end":{"line":143,"column":15}},"84":{"start":{"line":142,"column":16},"end":{"line":142,"column":51}},"85":{"start":{"line":144,"column":12},"end":{"line":150,"column":15}},"86":{"start":{"line":145,"column":33},"end":{"line":148,"column":17}},"87":{"start":{"line":149,"column":16},"end":{"line":149,"column":50}},"88":{"start":{"line":151,"column":12},"end":{"line":151,"column":73}},"89":{"start":{"line":152,"column":12},"end":{"line":152,"column":36}},"90":{"start":{"line":156,"column":0},"end":{"line":156,"column":20}},"91":{"start":{"line":163,"column":85},"end":{"line":163,"column":37842}},"92":{"start":{"line":163,"column":89},"end":{"line":163,"column":37831}}},"fnMap":{"0":{"name":"(anonymous_0)","decl":{"start":{"line":2,"column":44},"end":{"line":2,"column":45}},"loc":{"start":{"line":2,"column":89},"end":{"line":10,"column":1}},"line":2},"1":{"name":"adopt","decl":{"start":{"line":3,"column":13},"end":{"line":3,"column":18}},"loc":{"start":{"line":3,"column":26},"end":{"line":3,"column":112}},"line":3},"2":{"name":"(anonymous_2)","decl":{"start":{"line":3,"column":70},"end":{"line":3,"column":71}},"loc":{"start":{"line":3,"column":89},"end":{"line":3,"column":108}},"line":3},"3":{"name":"(anonymous_3)","decl":{"start":{"line":4,"column":36},"end":{"line":4,"column":37}},"loc":{"start":{"line":4,"column":63},"end":{"line":9,"column":5}},"line":4},"4":{"name":"fulfilled","decl":{"start":{"line":5,"column":17},"end":{"line":5,"column":26}},"loc":{"start":{"line":5,"column":34},"end":{"line":5,"column":99}},"line":5},"5":{"name":"rejected","decl":{"start":{"line":6,"column":17},"end":{"line":6,"column":25}},"loc":{"start":{"line":6,"column":33},"end":{"line":6,"column":102}},"line":6},"6":{"name":"step","decl":{"start":{"line":7,"column":17},"end":{"line":7,"column":21}},"loc":{"start":{"line":7,"column":30},"end":{"line":7,"column":118}},"line":7},"7":{"name":"(anonymous_7)","decl":{"start":{"line":11,"column":56},"end":{"line":11,"column":57}},"loc":{"start":{"line":11,"column":71},"end":{"line":13,"column":1}},"line":11},"8":{"name":"(anonymous_8)","decl":{"start":{"line":20,"column":4},"end":{"line":20,"column":5}},"loc":{"start":{"line":20,"column":22},"end":{"line":23,"column":5}},"line":20},"9":{"name":"(anonymous_9)","decl":{"start":{"line":24,"column":4},"end":{"line":24,"column":5}},"loc":{"start":{"line":24,"column":22},"end":{"line":50,"column":5}},"line":24},"10":{"name":"(anonymous_10)","decl":{"start":{"line":25,"column":47},"end":{"line":25,"column":48}},"loc":{"start":{"line":25,"column":60},"end":{"line":49,"column":9}},"line":25},"11":{"name":"(anonymous_11)","decl":{"start":{"line":26,"column":39},"end":{"line":26,"column":40}},"loc":{"start":{"line":26,"column":45},"end":{"line":28,"column":13}},"line":26},"12":{"name":"(anonymous_12)","decl":{"start":{"line":34,"column":63},"end":{"line":34,"column":64}},"loc":{"start":{"line":34,"column":80},"end":{"line":34,"column":117}},"line":34},"13":{"name":"(anonymous_13)","decl":{"start":{"line":51,"column":4},"end":{"line":51,"column":5}},"loc":{"start":{"line":51,"column":45},"end":{"line":71,"column":5}},"line":51},"14":{"name":"(anonymous_14)","decl":{"start":{"line":52,"column":47},"end":{"line":52,"column":48}},"loc":{"start":{"line":52,"column":60},"end":{"line":70,"column":9}},"line":52},"15":{"name":"(anonymous_15)","decl":{"start":{"line":55,"column":45},"end":{"line":55,"column":46}},"loc":{"start":{"line":55,"column":62},"end":{"line":64,"column":17}},"line":55},"16":{"name":"(anonymous_16)","decl":{"start":{"line":72,"column":4},"end":{"line":72,"column":5}},"loc":{"start":{"line":72,"column":43},"end":{"line":101,"column":5}},"line":72},"17":{"name":"(anonymous_17)","decl":{"start":{"line":73,"column":47},"end":{"line":73,"column":48}},"loc":{"start":{"line":73,"column":60},"end":{"line":100,"column":9}},"line":73},"18":{"name":"(anonymous_18)","decl":{"start":{"line":77,"column":40},"end":{"line":77,"column":41}},"loc":{"start":{"line":77,"column":57},"end":{"line":94,"column":17}},"line":77},"19":{"name":"(anonymous_19)","decl":{"start":{"line":78,"column":37},"end":{"line":78,"column":38}},"loc":{"start":{"line":78,"column":46},"end":{"line":93,"column":21}},"line":78},"20":{"name":"(anonymous_20)","decl":{"start":{"line":102,"column":4},"end":{"line":102,"column":5}},"loc":{"start":{"line":102,"column":37},"end":{"line":120,"column":5}},"line":102},"21":{"name":"(anonymous_21)","decl":{"start":{"line":103,"column":47},"end":{"line":103,"column":48}},"loc":{"start":{"line":103,"column":60},"end":{"line":119,"column":9}},"line":103},"22":{"name":"(anonymous_22)","decl":{"start":{"line":106,"column":45},"end":{"line":106,"column":46}},"loc":{"start":{"line":106,"column":62},"end":{"line":113,"column":17}},"line":106},"23":{"name":"(anonymous_23)","decl":{"start":{"line":121,"column":4},"end":{"line":121,"column":5}},"loc":{"start":{"line":121,"column":59},"end":{"line":136,"column":5}},"line":121},"24":{"name":"(anonymous_24)","decl":{"start":{"line":122,"column":47},"end":{"line":122,"column":48}},"loc":{"start":{"line":122,"column":60},"end":{"line":135,"column":9}},"line":122},"25":{"name":"(anonymous_25)","decl":{"start":{"line":125,"column":40},"end":{"line":125,"column":41}},"loc":{"start":{"line":125,"column":57},"end":{"line":132,"column":17}},"line":125},"26":{"name":"(anonymous_26)","decl":{"start":{"line":137,"column":4},"end":{"line":137,"column":5}},"loc":{"start":{"line":137,"column":73},"end":{"line":154,"column":5}},"line":137},"27":{"name":"(anonymous_27)","decl":{"start":{"line":138,"column":47},"end":{"line":138,"column":48}},"loc":{"start":{"line":138,"column":60},"end":{"line":153,"column":9}},"line":138},"28":{"name":"(anonymous_28)","decl":{"start":{"line":141,"column":45},"end":{"line":141,"column":46}},"loc":{"start":{"line":141,"column":62},"end":{"line":143,"column":13}},"line":141},"29":{"name":"(anonymous_29)","decl":{"start":{"line":144,"column":40},"end":{"line":144,"column":41}},"loc":{"start":{"line":144,"column":58},"end":{"line":150,"column":13}},"line":144},"30":{"name":"oo_cm","decl":{"start":{"line":163,"column":77},"end":{"line":163,"column":82}},"loc":{"start":{"line":163,"column":84},"end":{"line":163,"column":37843}},"line":163}},"branchMap":{"0":{"loc":{"start":{"line":2,"column":16},"end":{"line":10,"column":1}},"type":"binary-expr","locations":[{"start":{"line":2,"column":17},"end":{"line":2,"column":21}},{"start":{"line":2,"column":25},"end":{"line":2,"column":39}},{"start":{"line":2,"column":44},"end":{"line":10,"column":1}}],"line":2},"1":{"loc":{"start":{"line":3,"column":35},"end":{"line":3,"column":109}},"type":"cond-expr","locations":[{"start":{"line":3,"column":56},"end":{"line":3,"column":61}},{"start":{"line":3,"column":64},"end":{"line":3,"column":109}}],"line":3},"2":{"loc":{"start":{"line":4,"column":16},"end":{"line":4,"column":34}},"type":"binary-expr","locations":[{"start":{"line":4,"column":16},"end":{"line":4,"column":17}},{"start":{"line":4,"column":22},"end":{"line":4,"column":33}}],"line":4},"3":{"loc":{"start":{"line":7,"column":32},"end":{"line":7,"column":115}},"type":"cond-expr","locations":[{"start":{"line":7,"column":46},"end":{"line":7,"column":67}},{"start":{"line":7,"column":70},"end":{"line":7,"column":115}}],"line":7},"4":{"loc":{"start":{"line":8,"column":51},"end":{"line":8,"column":67}},"type":"binary-expr","locations":[{"start":{"line":8,"column":51},"end":{"line":8,"column":61}},{"start":{"line":8,"column":65},"end":{"line":8,"column":67}}],"line":8},"5":{"loc":{"start":{"line":11,"column":22},"end":{"line":13,"column":1}},"type":"binary-expr","locations":[{"start":{"line":11,"column":23},"end":{"line":11,"column":27}},{"start":{"line":11,"column":31},"end":{"line":11,"column":51}},{"start":{"line":11,"column":56},"end":{"line":13,"column":1}}],"line":11},"6":{"loc":{"start":{"line":12,"column":11},"end":{"line":12,"column":61}},"type":"cond-expr","locations":[{"start":{"line":12,"column":37},"end":{"line":12,"column":40}},{"start":{"line":12,"column":43},"end":{"line":12,"column":61}}],"line":12},"7":{"loc":{"start":{"line":12,"column":12},"end":{"line":12,"column":33}},"type":"binary-expr","locations":[{"start":{"line":12,"column":12},"end":{"line":12,"column":15}},{"start":{"line":12,"column":19},"end":{"line":12,"column":33}}],"line":12},"8":{"loc":{"start":{"line":31,"column":12},"end":{"line":48,"column":13}},"type":"if","locations":[{"start":{"line":31,"column":12},"end":{"line":48,"column":13}},{"start":{"line":46,"column":17},"end":{"line":48,"column":13}}],"line":31},"9":{"loc":{"start":{"line":33,"column":16},"end":{"line":44,"column":17}},"type":"if","locations":[{"start":{"line":33,"column":16},"end":{"line":44,"column":17}},{"start":{"line":42,"column":21},"end":{"line":44,"column":17}}],"line":33},"10":{"loc":{"start":{"line":33,"column":20},"end":{"line":33,"column":59}},"type":"binary-expr","locations":[{"start":{"line":33,"column":20},"end":{"line":33,"column":32}},{"start":{"line":33,"column":36},"end":{"line":33,"column":59}}],"line":33},"11":{"loc":{"start":{"line":54,"column":12},"end":{"line":68,"column":13}},"type":"if","locations":[{"start":{"line":54,"column":12},"end":{"line":68,"column":13}},{"start":{"line":66,"column":17},"end":{"line":68,"column":13}}],"line":54},"12":{"loc":{"start":{"line":56,"column":20},"end":{"line":63,"column":21}},"type":"if","locations":[{"start":{"line":56,"column":20},"end":{"line":63,"column":21}},{"start":{},"end":{}}],"line":56},"13":{"loc":{"start":{"line":56,"column":24},"end":{"line":56,"column":115}},"type":"binary-expr","locations":[{"start":{"line":56,"column":24},"end":{"line":56,"column":66}},{"start":{"line":56,"column":70},"end":{"line":56,"column":115}}],"line":56},"14":{"loc":{"start":{"line":75,"column":12},"end":{"line":98,"column":13}},"type":"if","locations":[{"start":{"line":75,"column":12},"end":{"line":98,"column":13}},{"start":{"line":96,"column":17},"end":{"line":98,"column":13}}],"line":75},"15":{"loc":{"start":{"line":75,"column":16},"end":{"line":75,"column":61}},"type":"binary-expr","locations":[{"start":{"line":75,"column":16},"end":{"line":75,"column":31}},{"start":{"line":75,"column":35},"end":{"line":75,"column":61}}],"line":75},"16":{"loc":{"start":{"line":80,"column":24},"end":{"line":85,"column":25}},"type":"if","locations":[{"start":{"line":80,"column":24},"end":{"line":85,"column":25}},{"start":{"line":83,"column":29},"end":{"line":85,"column":25}}],"line":80},"17":{"loc":{"start":{"line":83,"column":29},"end":{"line":85,"column":25}},"type":"if","locations":[{"start":{"line":83,"column":29},"end":{"line":85,"column":25}},{"start":{},"end":{}}],"line":83},"18":{"loc":{"start":{"line":86,"column":24},"end":{"line":92,"column":25}},"type":"if","locations":[{"start":{"line":86,"column":24},"end":{"line":92,"column":25}},{"start":{},"end":{}}],"line":86},"19":{"loc":{"start":{"line":86,"column":28},"end":{"line":86,"column":193}},"type":"binary-expr","locations":[{"start":{"line":86,"column":28},"end":{"line":86,"column":70}},{"start":{"line":86,"column":74},"end":{"line":86,"column":125}},{"start":{"line":86,"column":129},"end":{"line":86,"column":193}}],"line":86},"20":{"loc":{"start":{"line":105,"column":12},"end":{"line":117,"column":13}},"type":"if","locations":[{"start":{"line":105,"column":12},"end":{"line":117,"column":13}},{"start":{"line":115,"column":17},"end":{"line":117,"column":13}}],"line":105},"21":{"loc":{"start":{"line":107,"column":20},"end":{"line":112,"column":21}},"type":"if","locations":[{"start":{"line":107,"column":20},"end":{"line":112,"column":21}},{"start":{},"end":{}}],"line":107},"22":{"loc":{"start":{"line":109,"column":24},"end":{"line":111,"column":25}},"type":"if","locations":[{"start":{"line":109,"column":24},"end":{"line":111,"column":25}},{"start":{},"end":{}}],"line":109},"23":{"loc":{"start":{"line":124,"column":12},"end":{"line":133,"column":13}},"type":"if","locations":[{"start":{"line":124,"column":12},"end":{"line":133,"column":13}},{"start":{},"end":{}}],"line":124},"24":{"loc":{"start":{"line":124,"column":16},"end":{"line":124,"column":61}},"type":"binary-expr","locations":[{"start":{"line":124,"column":16},"end":{"line":124,"column":31}},{"start":{"line":124,"column":35},"end":{"line":124,"column":61}}],"line":124},"25":{"loc":{"start":{"line":126,"column":20},"end":{"line":131,"column":21}},"type":"if","locations":[{"start":{"line":126,"column":20},"end":{"line":131,"column":21}},{"start":{},"end":{}}],"line":126},"26":{"loc":{"start":{"line":128,"column":24},"end":{"line":130,"column":25}},"type":"if","locations":[{"start":{"line":128,"column":24},"end":{"line":130,"column":25}},{"start":{},"end":{}}],"line":128},"27":{"loc":{"start":{"line":128,"column":28},"end":{"line":128,"column":147}},"type":"binary-expr","locations":[{"start":{"line":128,"column":28},"end":{"line":128,"column":58}},{"start":{"line":128,"column":62},"end":{"line":128,"column":106}},{"start":{"line":128,"column":111},"end":{"line":128,"column":146}}],"line":128},"28":{"loc":{"start":{"line":163,"column":96},"end":{"line":163,"column":37830}},"type":"binary-expr","locations":[{"start":{"line":163,"column":96},"end":{"line":163,"column":133}},{"start":{"line":163,"column":137},"end":{"line":163,"column":37830}}],"line":163}},"s":{"0":1,"1":0,"2":0,"3":5,"4":0,"5":0,"6":0,"7":0,"8":0,"9":0,"10":5,"11":5,"12":1,"13":1,"14":1,"15":1,"16":1,"17":1,"18":1,"19":1,"20":1,"21":0,"22":0,"23":0,"24":0,"25":0,"26":0,"27":0,"28":0,"29":0,"30":0,"31":0,"32":0,"33":0,"34":0,"35":0,"36":0,"37":0,"38":0,"39":0,"40":0,"41":0,"42":0,"43":0,"44":0,"45":0,"46":0,"47":0,"48":0,"49":0,"50":0,"51":0,"52":0,"53":0,"54":0,"55":0,"56":0,"57":0,"58":0,"59":0,"60":0,"61":0,"62":0,"63":0,"64":0,"65":0,"66":0,"67":0,"68":0,"69":0,"70":0,"71":0,"72":3,"73":3,"74":3,"75":2,"76":6,"77":6,"78":6,"79":1,"80":3,"81":2,"82":2,"83":2,"84":2,"85":2,"86":3,"87":3,"88":2,"89":2,"90":1,"91":0,"92":0},"f":{"0":5,"1":0,"2":0,"3":5,"4":0,"5":0,"6":5,"7":1,"8":1,"9":0,"10":0,"11":0,"12":0,"13":0,"14":0,"15":0,"16":0,"17":0,"18":0,"19":0,"20":0,"21":0,"22":0,"23":3,"24":3,"25":6,"26":2,"27":2,"28":2,"29":3,"30":0},"b":{"0":[1,1,1],"1":[0,0],"2":[5,5],"3":[5,0],"4":[5,5],"5":[1,1,1],"6":[0,1],"7":[1,1],"8":[0,0],"9":[0,0],"10":[0,0],"11":[0,0],"12":[0,0],"13":[0,0],"14":[0,0],"15":[0,0],"16":[0,0],"17":[0,0],"18":[0,0],"19":[0,0,0],"20":[0,0],"21":[0,0],"22":[0,0],"23":[2,1],"24":[3,3],"25":[6,0],"26":[1,5],"27":[6,2,2],"28":[0,0]},"inputSourceMap":null,"_coverageSchema":"1a1c01bbd47fc00a2c39e90264f33305004495a9","hash":"b09e3d333f96ffa62817cc5de3e37cdcf4a10514"}
,"C:\\Users\\mnoth\\OneDrive\\Seen\\build\\functions\\fetchData.js": {"path":"C:\\Users\\mnoth\\OneDrive\\Seen\\build\\functions\\fetchData.js","statementMap":{"0":{"start":{"line":2,"column":16},"end":{"line":10,"column":1}},"1":{"start":{"line":3,"column":28},"end":{"line":3,"column":110}},"2":{"start":{"line":3,"column":91},"end":{"line":3,"column":106}},"3":{"start":{"line":4,"column":4},"end":{"line":9,"column":7}},"4":{"start":{"line":5,"column":36},"end":{"line":5,"column":97}},"5":{"start":{"line":5,"column":42},"end":{"line":5,"column":70}},"6":{"start":{"line":5,"column":85},"end":{"line":5,"column":95}},"7":{"start":{"line":6,"column":35},"end":{"line":6,"column":100}},"8":{"start":{"line":6,"column":41},"end":{"line":6,"column":73}},"9":{"start":{"line":6,"column":88},"end":{"line":6,"column":98}},"10":{"start":{"line":7,"column":32},"end":{"line":7,"column":116}},"11":{"start":{"line":8,"column":8},"end":{"line":8,"column":78}},"12":{"start":{"line":11,"column":22},"end":{"line":13,"column":1}},"13":{"start":{"line":12,"column":4},"end":{"line":12,"column":62}},"14":{"start":{"line":14,"column":0},"end":{"line":14,"column":62}},"15":{"start":{"line":15,"column":0},"end":{"line":15,"column":27}},"16":{"start":{"line":16,"column":16},"end":{"line":16,"column":49}},"17":{"start":{"line":18,"column":4},"end":{"line":38,"column":7}},"18":{"start":{"line":19,"column":27},"end":{"line":19,"column":29}},"19":{"start":{"line":20,"column":8},"end":{"line":37,"column":9}},"20":{"start":{"line":21,"column":29},"end":{"line":21,"column":109}},"21":{"start":{"line":22,"column":12},"end":{"line":32,"column":16}},"22":{"start":{"line":22,"column":56},"end":{"line":32,"column":13}},"23":{"start":{"line":33,"column":12},"end":{"line":33,"column":34}},"24":{"start":{"line":36,"column":12},"end":{"line":36,"column":57}},"25":{"start":{"line":40,"column":0},"end":{"line":40,"column":30}}},"fnMap":{"0":{"name":"(anonymous_0)","decl":{"start":{"line":2,"column":44},"end":{"line":2,"column":45}},"loc":{"start":{"line":2,"column":89},"end":{"line":10,"column":1}},"line":2},"1":{"name":"adopt","decl":{"start":{"line":3,"column":13},"end":{"line":3,"column":18}},"loc":{"start":{"line":3,"column":26},"end":{"line":3,"column":112}},"line":3},"2":{"name":"(anonymous_2)","decl":{"start":{"line":3,"column":70},"end":{"line":3,"column":71}},"loc":{"start":{"line":3,"column":89},"end":{"line":3,"column":108}},"line":3},"3":{"name":"(anonymous_3)","decl":{"start":{"line":4,"column":36},"end":{"line":4,"column":37}},"loc":{"start":{"line":4,"column":63},"end":{"line":9,"column":5}},"line":4},"4":{"name":"fulfilled","decl":{"start":{"line":5,"column":17},"end":{"line":5,"column":26}},"loc":{"start":{"line":5,"column":34},"end":{"line":5,"column":99}},"line":5},"5":{"name":"rejected","decl":{"start":{"line":6,"column":17},"end":{"line":6,"column":25}},"loc":{"start":{"line":6,"column":33},"end":{"line":6,"column":102}},"line":6},"6":{"name":"step","decl":{"start":{"line":7,"column":17},"end":{"line":7,"column":21}},"loc":{"start":{"line":7,"column":30},"end":{"line":7,"column":118}},"line":7},"7":{"name":"(anonymous_7)","decl":{"start":{"line":11,"column":56},"end":{"line":11,"column":57}},"loc":{"start":{"line":11,"column":71},"end":{"line":13,"column":1}},"line":11},"8":{"name":"fetchData","decl":{"start":{"line":17,"column":9},"end":{"line":17,"column":18}},"loc":{"start":{"line":17,"column":21},"end":{"line":39,"column":1}},"line":17},"9":{"name":"(anonymous_9)","decl":{"start":{"line":18,"column":43},"end":{"line":18,"column":44}},"loc":{"start":{"line":18,"column":56},"end":{"line":38,"column":5}},"line":18},"10":{"name":"(anonymous_10)","decl":{"start":{"line":22,"column":45},"end":{"line":22,"column":46}},"loc":{"start":{"line":22,"column":56},"end":{"line":32,"column":13}},"line":22}},"branchMap":{"0":{"loc":{"start":{"line":2,"column":16},"end":{"line":10,"column":1}},"type":"binary-expr","locations":[{"start":{"line":2,"column":17},"end":{"line":2,"column":21}},{"start":{"line":2,"column":25},"end":{"line":2,"column":39}},{"start":{"line":2,"column":44},"end":{"line":10,"column":1}}],"line":2},"1":{"loc":{"start":{"line":3,"column":35},"end":{"line":3,"column":109}},"type":"cond-expr","locations":[{"start":{"line":3,"column":56},"end":{"line":3,"column":61}},{"start":{"line":3,"column":64},"end":{"line":3,"column":109}}],"line":3},"2":{"loc":{"start":{"line":4,"column":16},"end":{"line":4,"column":34}},"type":"binary-expr","locations":[{"start":{"line":4,"column":16},"end":{"line":4,"column":17}},{"start":{"line":4,"column":22},"end":{"line":4,"column":33}}],"line":4},"3":{"loc":{"start":{"line":7,"column":32},"end":{"line":7,"column":115}},"type":"cond-expr","locations":[{"start":{"line":7,"column":46},"end":{"line":7,"column":67}},{"start":{"line":7,"column":70},"end":{"line":7,"column":115}}],"line":7},"4":{"loc":{"start":{"line":8,"column":51},"end":{"line":8,"column":67}},"type":"binary-expr","locations":[{"start":{"line":8,"column":51},"end":{"line":8,"column":61}},{"start":{"line":8,"column":65},"end":{"line":8,"column":67}}],"line":8},"5":{"loc":{"start":{"line":11,"column":22},"end":{"line":13,"column":1}},"type":"binary-expr","locations":[{"start":{"line":11,"column":23},"end":{"line":11,"column":27}},{"start":{"line":11,"column":31},"end":{"line":11,"column":51}},{"start":{"line":11,"column":56},"end":{"line":13,"column":1}}],"line":11},"6":{"loc":{"start":{"line":12,"column":11},"end":{"line":12,"column":61}},"type":"cond-expr","locations":[{"start":{"line":12,"column":37},"end":{"line":12,"column":40}},{"start":{"line":12,"column":43},"end":{"line":12,"column":61}}],"line":12},"7":{"loc":{"start":{"line":12,"column":12},"end":{"line":12,"column":33}},"type":"binary-expr","locations":[{"start":{"line":12,"column":12},"end":{"line":12,"column":15}},{"start":{"line":12,"column":19},"end":{"line":12,"column":33}}],"line":12}},"s":{"0":2,"1":0,"2":0,"3":0,"4":0,"5":0,"6":0,"7":0,"8":0,"9":0,"10":0,"11":0,"12":2,"13":2,"14":2,"15":2,"16":2,"17":0,"18":0,"19":0,"20":0,"21":0,"22":0,"23":0,"24":0,"25":2},"f":{"0":0,"1":0,"2":0,"3":0,"4":0,"5":0,"6":0,"7":2,"8":0,"9":0,"10":0},"b":{"0":[2,2,2],"1":[0,0],"2":[0,0],"3":[0,0],"4":[0,0],"5":[2,2,2],"6":[0,2],"7":[2,2]},"inputSourceMap":null,"_coverageSchema":"1a1c01bbd47fc00a2c39e90264f33305004495a9","hash":"a3afdd8b67b2b7e123db65d3ad39f0bde84d3345"}
,"C:\\Users\\mnoth\\OneDrive\\Seen\\build\\functions\\sendOutput.js": {"path":"C:\\Users\\mnoth\\OneDrive\\Seen\\build\\functions\\sendOutput.js","statementMap":{"0":{"start":{"line":2,"column":0},"end":{"line":2,"column":62}},"1":{"start":{"line":3,"column":0},"end":{"line":3,"column":28}},"2":{"start":{"line":5,"column":4},"end":{"line":12,"column":7}},"3":{"start":{"line":6,"column":8},"end":{"line":11,"column":9}},"4":{"start":{"line":7,"column":12},"end":{"line":7,"column":30}},"5":{"start":{"line":10,"column":12},"end":{"line":10,"column":68}},"6":{"start":{"line":13,"column":24},"end":{"line":13,"column":132}},"7":{"start":{"line":15,"column":0},"end":{"line":15,"column":32}},"8":{"start":{"line":22,"column":85},"end":{"line":22,"column":37842}},"9":{"start":{"line":22,"column":89},"end":{"line":22,"column":37831}}},"fnMap":{"0":{"name":"sendOutput","decl":{"start":{"line":4,"column":9},"end":{"line":4,"column":19}},"loc":{"start":{"line":4,"column":34},"end":{"line":14,"column":1}},"line":4},"1":{"name":"(anonymous_1)","decl":{"start":{"line":5,"column":17},"end":{"line":5,"column":18}},"loc":{"start":{"line":5,"column":31},"end":{"line":12,"column":5}},"line":5},"2":{"name":"oo_cm","decl":{"start":{"line":22,"column":77},"end":{"line":22,"column":82}},"loc":{"start":{"line":22,"column":84},"end":{"line":22,"column":37843}},"line":22}},"branchMap":{"0":{"loc":{"start":{"line":6,"column":8},"end":{"line":11,"column":9}},"type":"if","locations":[{"start":{"line":6,"column":8},"end":{"line":11,"column":9}},{"start":{"line":9,"column":13},"end":{"line":11,"column":9}}],"line":6},"1":{"loc":{"start":{"line":22,"column":96},"end":{"line":22,"column":37830}},"type":"binary-expr","locations":[{"start":{"line":22,"column":96},"end":{"line":22,"column":133}},{"start":{"line":22,"column":137},"end":{"line":22,"column":37830}}],"line":22}},"s":{"0":2,"1":2,"2":0,"3":0,"4":0,"5":0,"6":0,"7":2,"8":0,"9":0},"f":{"0":0,"1":0,"2":0},"b":{"0":[0,0],"1":[0,0]},"inputSourceMap":null,"_coverageSchema":"1a1c01bbd47fc00a2c39e90264f33305004495a9","hash":"5c510bdd12dea8ff607ffc156d075fc4263ac215"}
,"C:\\Users\\mnoth\\OneDrive\\Seen\\src\\api1.ts": {"path":"C:\\Users\\mnoth\\OneDrive\\Seen\\src\\api1.ts","statementMap":{"0":{"start":{"line":1,"column":0},"end":{"line":1,"column":64}},"1":{"start":{"line":4,"column":0},"end":{"line":4,"column":52}},"2":{"start":{"line":5,"column":0},"end":{"line":5,"column":50}},"3":{"start":{"line":13,"column":8},"end":{"line":13,"column":29}},"4":{"start":{"line":14,"column":8},"end":{"line":14,"column":25}},"5":{"start":{"line":18,"column":8},"end":{"line":20,"column":11}},"6":{"start":{"line":19,"column":32},"end":{"line":19,"column":128}},"7":{"start":{"line":22,"column":27},"end":{"line":22,"column":44}},"8":{"start":{"line":23,"column":72},"end":{"line":23,"column":74}},"9":{"start":{"line":25,"column":8},"end":{"line":45,"column":9}},"10":{"start":{"line":26,"column":32},"end":{"line":26,"column":119}},"11":{"start":{"line":27,"column":12},"end":{"line":42,"column":13}},"12":{"start":{"line":28,"column":16},"end":{"line":28,"column":139}},"13":{"start":{"line":28,"column":100},"end":{"line":28,"column":137}},"14":{"start":{"line":34,"column":16},"end":{"line":34,"column":122}},"15":{"start":{"line":35,"column":61},"end":{"line":35,"column":129}},"16":{"start":{"line":37,"column":16},"end":{"line":37,"column":50}},"17":{"start":{"line":40,"column":56},"end":{"line":40,"column":74}},"18":{"start":{"line":41,"column":16},"end":{"line":41,"column":46}},"19":{"start":{"line":44,"column":12},"end":{"line":44,"column":27}},"20":{"start":{"line":49,"column":49},"end":{"line":49,"column":69}},"21":{"start":{"line":50,"column":64},"end":{"line":50,"column":66}},"22":{"start":{"line":51,"column":71},"end":{"line":51,"column":73}},"23":{"start":{"line":53,"column":8},"end":{"line":82,"column":9}},"24":{"start":{"line":54,"column":12},"end":{"line":75,"column":15}},"25":{"start":{"line":55,"column":16},"end":{"line":74,"column":17}},"26":{"start":{"line":56,"column":72},"end":{"line":70,"column":null}},"27":{"start":{"line":71,"column":20},"end":{"line":71,"column":58}},"28":{"start":{"line":73,"column":20},"end":{"line":73,"column":58}},"29":{"start":{"line":77,"column":12},"end":{"line":77,"column":55}},"30":{"start":{"line":79,"column":12},"end":{"line":79,"column":43}},"31":{"start":{"line":80,"column":12},"end":{"line":80,"column":34}},"32":{"start":{"line":81,"column":12},"end":{"line":81,"column":37}},"33":{"start":{"line":84,"column":8},"end":{"line":84,"column":64}},"34":{"start":{"line":91,"column":8},"end":{"line":110,"column":9}},"35":{"start":{"line":92,"column":12},"end":{"line":102,"column":15}},"36":{"start":{"line":92,"column":67},"end":{"line":102,"column":14}},"37":{"start":{"line":93,"column":16},"end":{"line":93,"column":41}},"38":{"start":{"line":94,"column":16},"end":{"line":98,"column":19}},"39":{"start":{"line":95,"column":20},"end":{"line":97,"column":21}},"40":{"start":{"line":96,"column":24},"end":{"line":96,"column":69}},"41":{"start":{"line":99,"column":16},"end":{"line":101,"column":17}},"42":{"start":{"line":100,"column":20},"end":{"line":100,"column":83}},"43":{"start":{"line":104,"column":12},"end":{"line":106,"column":13}},"44":{"start":{"line":105,"column":16},"end":{"line":105,"column":38}},"45":{"start":{"line":107,"column":12},"end":{"line":109,"column":13}},"46":{"start":{"line":108,"column":16},"end":{"line":108,"column":41}},"47":{"start":{"line":112,"column":8},"end":{"line":112,"column":24}},"48":{"start":{"line":116,"column":8},"end":{"line":134,"column":9}},"49":{"start":{"line":117,"column":54},"end":{"line":117,"column":83}},"50":{"start":{"line":118,"column":12},"end":{"line":131,"column":15}},"51":{"start":{"line":119,"column":16},"end":{"line":130,"column":17}},"52":{"start":{"line":120,"column":63},"end":{"line":124,"column":22}},"53":{"start":{"line":125,"column":20},"end":{"line":125,"column":64}},"54":{"start":{"line":126,"column":20},"end":{"line":126,"column":76}},"55":{"start":{"line":127,"column":20},"end":{"line":127,"column":75}},"56":{"start":{"line":129,"column":20},"end":{"line":129,"column":64}},"57":{"start":{"line":133,"column":12},"end":{"line":133,"column":19}},"58":{"start":{"line":8,"column":0},"end":{"line":8,"column":13}},"59":{"start":{"line":144,"column":85},"end":{"line":144,"column":37842}},"60":{"start":{"line":144,"column":89},"end":{"line":144,"column":37831}},"61":{"start":{"line":144,"column":37957},"end":{"line":144,"column":37963}},"62":{"start":{"line":144,"column":38078},"end":{"line":144,"column":38084}},"63":{"start":{"line":144,"column":38166},"end":{"line":144,"column":38172}},"64":{"start":{"line":144,"column":38257},"end":{"line":144,"column":38263}}},"fnMap":{"0":{"name":"(anonymous_8)","decl":{"start":{"line":12,"column":4},"end":{"line":12,"column":16}},"loc":{"start":{"line":12,"column":28},"end":{"line":15,"column":5}}},"1":{"name":"(anonymous_9)","decl":{"start":{"line":17,"column":10},"end":{"line":17,"column":15}},"loc":{"start":{"line":17,"column":34},"end":{"line":46,"column":null}}},"2":{"name":"(anonymous_11)","decl":{"start":{"line":18,"column":35},"end":{"line":18,"column":37}},"loc":{"start":{"line":18,"column":39},"end":{"line":20,"column":9}}},"3":{"name":"(anonymous_12)","decl":{"start":{"line":28,"column":59},"end":{"line":28,"column":60}},"loc":{"start":{"line":28,"column":100},"end":{"line":28,"column":137}}},"4":{"name":"(anonymous_13)","decl":{"start":{"line":48,"column":17},"end":{"line":48,"column":38}},"loc":{"start":{"line":48,"column":96},"end":{"line":85,"column":null}}},"5":{"name":"(anonymous_15)","decl":{"start":{"line":54,"column":41},"end":{"line":54,"column":42}},"loc":{"start":{"line":54,"column":57},"end":{"line":75,"column":13}}},"6":{"name":"(anonymous_16)","decl":{"start":{"line":88,"column":17},"end":{"line":88,"column":26}},"loc":{"start":{"line":88,"column":170},"end":{"line":113,"column":null}}},"7":{"name":"(anonymous_18)","decl":{"start":{"line":92,"column":41},"end":{"line":92,"column":48}},"loc":{"start":{"line":92,"column":67},"end":{"line":102,"column":14}}},"8":{"name":"(anonymous_19)","decl":{"start":{"line":92,"column":67},"end":{"line":92,"column":null}},"loc":{"start":{"line":92,"column":67},"end":{"line":102,"column":13}}},"9":{"name":"(anonymous_20)","decl":{"start":{"line":94,"column":44},"end":{"line":94,"column":45}},"loc":{"start":{"line":94,"column":67},"end":{"line":98,"column":17}}},"10":{"name":"(anonymous_21)","decl":{"start":{"line":115,"column":17},"end":{"line":115,"column":30}},"loc":{"start":{"line":115,"column":135},"end":{"line":135,"column":null}}},"11":{"name":"(anonymous_23)","decl":{"start":{"line":118,"column":40},"end":{"line":118,"column":41}},"loc":{"start":{"line":118,"column":56},"end":{"line":131,"column":13}}},"12":{"name":"oo_cm","decl":{"start":{"line":144,"column":77},"end":{"line":144,"column":82}},"loc":{"start":{"line":144,"column":82},"end":{"line":144,"column":37843}}}},"branchMap":{"0":{"loc":{"start":{"line":25,"column":8},"end":{"line":45,"column":9}},"type":"if","locations":[{"start":{"line":25,"column":8},"end":{"line":45,"column":9}},{"start":{"line":43,"column":15},"end":{"line":45,"column":9}}]},"1":{"loc":{"start":{"line":27,"column":12},"end":{"line":42,"column":13}},"type":"if","locations":[{"start":{"line":27,"column":12},"end":{"line":42,"column":13}},{"start":{"line":39,"column":19},"end":{"line":42,"column":13}}]},"2":{"loc":{"start":{"line":27,"column":16},"end":{"line":27,"column":55}},"type":"binary-expr","locations":[{"start":{"line":27,"column":16},"end":{"line":27,"column":28}},{"start":{"line":27,"column":32},"end":{"line":27,"column":55}}]},"3":{"loc":{"start":{"line":53,"column":8},"end":{"line":82,"column":9}},"type":"if","locations":[{"start":{"line":53,"column":8},"end":{"line":82,"column":9}},{"start":{"line":78,"column":15},"end":{"line":82,"column":9}}]},"4":{"loc":{"start":{"line":53,"column":12},"end":{"line":53,"column":67}},"type":"binary-expr","locations":[{"start":{"line":53,"column":12},"end":{"line":53,"column":32}},{"start":{"line":53,"column":36},"end":{"line":53,"column":67}}]},"5":{"loc":{"start":{"line":55,"column":16},"end":{"line":74,"column":17}},"type":"if","locations":[{"start":{"line":55,"column":16},"end":{"line":74,"column":17}},{"start":{"line":72,"column":23},"end":{"line":74,"column":17}}]},"6":{"loc":{"start":{"line":55,"column":20},"end":{"line":55,"column":129}},"type":"binary-expr","locations":[{"start":{"line":55,"column":20},"end":{"line":55,"column":75}},{"start":{"line":55,"column":79},"end":{"line":55,"column":129}}]},"7":{"loc":{"start":{"line":91,"column":8},"end":{"line":110,"column":9}},"type":"if","locations":[{"start":{"line":91,"column":8},"end":{"line":110,"column":9}},{"start":{"line":103,"column":15},"end":{"line":110,"column":9}}]},"8":{"loc":{"start":{"line":91,"column":12},"end":{"line":91,"column":112}},"type":"binary-expr","locations":[{"start":{"line":91,"column":12},"end":{"line":91,"column":19}},{"start":{"line":91,"column":23},"end":{"line":91,"column":43}},{"start":{"line":91,"column":47},"end":{"line":91,"column":78}},{"start":{"line":91,"column":82},"end":{"line":91,"column":112}}]},"9":{"loc":{"start":{"line":95,"column":20},"end":{"line":97,"column":21}},"type":"if","locations":[{"start":{"line":95,"column":20},"end":{"line":97,"column":21}}]},"10":{"loc":{"start":{"line":99,"column":16},"end":{"line":101,"column":17}},"type":"if","locations":[{"start":{"line":99,"column":16},"end":{"line":101,"column":17}}]},"11":{"loc":{"start":{"line":104,"column":12},"end":{"line":106,"column":13}},"type":"if","locations":[{"start":{"line":104,"column":12},"end":{"line":106,"column":13}}]},"12":{"loc":{"start":{"line":107,"column":12},"end":{"line":109,"column":13}},"type":"if","locations":[{"start":{"line":107,"column":12},"end":{"line":109,"column":13}}]},"13":{"loc":{"start":{"line":116,"column":8},"end":{"line":134,"column":9}},"type":"if","locations":[{"start":{"line":116,"column":8},"end":{"line":134,"column":9}},{"start":{"line":132,"column":15},"end":{"line":134,"column":9}}]},"14":{"loc":{"start":{"line":119,"column":16},"end":{"line":130,"column":17}},"type":"if","locations":[{"start":{"line":119,"column":16},"end":{"line":130,"column":17}}]},"15":{"loc":{"start":{"line":125,"column":20},"end":{"line":125,"column":63}},"type":"cond-expr","locations":[{"start":{"line":125,"column":44},"end":{"line":125,"column":46}},{"start":{"line":125,"column":44},"end":{"line":125,"column":63}}]},"16":{"loc":{"start":{"line":125,"column":20},"end":{"line":125,"column":46}},"type":"binary-expr","locations":[{"start":{"line":125,"column":20},"end":{"line":125,"column":46}},{"start":{"line":125,"column":44},"end":{"line":125,"column":46}}]},"17":{"loc":{"start":{"line":144,"column":96},"end":{"line":144,"column":37830}},"type":"binary-expr","locations":[{"start":{"line":144,"column":96},"end":{"line":144,"column":133}},{"start":{"line":144,"column":137},"end":{"line":144,"column":37830}}]}},"s":{"0":1,"1":1,"2":1,"3":1,"4":1,"5":0,"6":0,"7":0,"8":0,"9":0,"10":0,"11":0,"12":0,"13":0,"14":0,"15":0,"16":0,"17":0,"18":0,"19":0,"20":2,"21":2,"22":2,"23":2,"24":1,"25":2,"26":1,"27":1,"28":1,"29":1,"30":1,"31":1,"32":1,"33":2,"34":5,"35":1,"36":2,"37":2,"38":2,"39":2,"40":0,"41":2,"42":0,"43":4,"44":4,"45":4,"46":4,"47":5,"48":3,"49":2,"50":2,"51":2,"52":1,"53":1,"54":1,"55":1,"56":1,"57":1,"58":1,"59":0,"60":0,"61":1,"62":1,"63":1,"64":1},"f":{"0":1,"1":0,"2":0,"3":0,"4":2,"5":2,"6":5,"7":2,"8":2,"9":2,"10":3,"11":2,"12":0},"b":{"0":[0,0],"1":[0,0],"2":[0,0],"3":[1,1],"4":[2,2],"5":[1,1],"6":[2,1],"7":[1,4],"8":[5,5,5,2],"9":[0],"10":[0],"11":[4],"12":[4],"13":[2,1],"14":[1],"15":[0,1],"16":[1,1],"17":[0,0]}}
,"C:\\Users\\mnoth\\OneDrive\\Seen\\src\\api2.ts": {"path":"C:\\Users\\mnoth\\OneDrive\\Seen\\src\\api2.ts","statementMap":{"0":{"start":{"line":1,"column":0},"end":{"line":1,"column":64}},"1":{"start":{"line":4,"column":0},"end":{"line":4,"column":52}},"2":{"start":{"line":5,"column":0},"end":{"line":5,"column":50}},"3":{"start":{"line":13,"column":8},"end":{"line":13,"column":29}},"4":{"start":{"line":14,"column":8},"end":{"line":14,"column":25}},"5":{"start":{"line":18,"column":8},"end":{"line":20,"column":11}},"6":{"start":{"line":19,"column":32},"end":{"line":19,"column":128}},"7":{"start":{"line":22,"column":27},"end":{"line":22,"column":44}},"8":{"start":{"line":23,"column":72},"end":{"line":23,"column":74}},"9":{"start":{"line":24,"column":12},"end":{"line":43,"column":13}},"10":{"start":{"line":25,"column":36},"end":{"line":25,"column":123}},"11":{"start":{"line":26,"column":16},"end":{"line":40,"column":17}},"12":{"start":{"line":27,"column":20},"end":{"line":27,"column":143}},"13":{"start":{"line":27,"column":104},"end":{"line":27,"column":141}},"14":{"start":{"line":29,"column":48},"end":{"line":29,"column":91}},"15":{"start":{"line":30,"column":56},"end":{"line":30,"column":120}},"16":{"start":{"line":32,"column":61},"end":{"line":32,"column":112}},"17":{"start":{"line":33,"column":85},"end":{"line":33,"column":131}},"18":{"start":{"line":35,"column":65},"end":{"line":35,"column":144}},"19":{"start":{"line":36,"column":20},"end":{"line":36,"column":54}},"20":{"start":{"line":39,"column":20},"end":{"line":39,"column":68}},"21":{"start":{"line":42,"column":16},"end":{"line":42,"column":31}},"22":{"start":{"line":48,"column":49},"end":{"line":48,"column":51}},"23":{"start":{"line":49,"column":8},"end":{"line":63,"column":9}},"24":{"start":{"line":50,"column":12},"end":{"line":59,"column":15}},"25":{"start":{"line":51,"column":16},"end":{"line":58,"column":17}},"26":{"start":{"line":52,"column":57},"end":{"line":56,"column":null}},"27":{"start":{"line":57,"column":20},"end":{"line":57,"column":42}},"28":{"start":{"line":62,"column":12},"end":{"line":62,"column":51}},"29":{"start":{"line":65,"column":8},"end":{"line":65,"column":24}},"30":{"start":{"line":70,"column":65},"end":{"line":70,"column":67}},"31":{"start":{"line":71,"column":8},"end":{"line":94,"column":9}},"32":{"start":{"line":73,"column":12},"end":{"line":91,"column":15}},"33":{"start":{"line":74,"column":16},"end":{"line":90,"column":19}},"34":{"start":{"line":76,"column":20},"end":{"line":80,"column":21}},"35":{"start":{"line":77,"column":24},"end":{"line":77,"column":51}},"36":{"start":{"line":78,"column":27},"end":{"line":80,"column":21}},"37":{"start":{"line":79,"column":24},"end":{"line":79,"column":48}},"38":{"start":{"line":82,"column":20},"end":{"line":89,"column":21}},"39":{"start":{"line":83,"column":81},"end":{"line":86,"column":null}},"40":{"start":{"line":88,"column":24},"end":{"line":88,"column":66}},"41":{"start":{"line":93,"column":12},"end":{"line":93,"column":60}},"42":{"start":{"line":96,"column":8},"end":{"line":96,"column":33}},"43":{"start":{"line":102,"column":36},"end":{"line":102,"column":38}},"44":{"start":{"line":103,"column":8},"end":{"line":115,"column":9}},"45":{"start":{"line":104,"column":12},"end":{"line":111,"column":15}},"46":{"start":{"line":105,"column":16},"end":{"line":110,"column":17}},"47":{"start":{"line":106,"column":43},"end":{"line":106,"column":72}},"48":{"start":{"line":107,"column":20},"end":{"line":109,"column":21}},"49":{"start":{"line":108,"column":24},"end":{"line":108,"column":51}},"50":{"start":{"line":114,"column":12},"end":{"line":114,"column":51}},"51":{"start":{"line":117,"column":8},"end":{"line":117,"column":27}},"52":{"start":{"line":122,"column":35},"end":{"line":122,"column":37}},"53":{"start":{"line":123,"column":8},"end":{"line":134,"column":9}},"54":{"start":{"line":124,"column":12},"end":{"line":132,"column":15}},"55":{"start":{"line":125,"column":16},"end":{"line":131,"column":17}},"56":{"start":{"line":126,"column":43},"end":{"line":126,"column":72}},"57":{"start":{"line":128,"column":20},"end":{"line":130,"column":21}},"58":{"start":{"line":129,"column":24},"end":{"line":129,"column":64}},"59":{"start":{"line":136,"column":8},"end":{"line":136,"column":26}},"60":{"start":{"line":142,"column":65},"end":{"line":142,"column":67}},"61":{"start":{"line":143,"column":8},"end":{"line":145,"column":11}},"62":{"start":{"line":144,"column":12},"end":{"line":144,"column":47}},"63":{"start":{"line":146,"column":8},"end":{"line":152,"column":11}},"64":{"start":{"line":147,"column":61},"end":{"line":150,"column":null}},"65":{"start":{"line":151,"column":12},"end":{"line":151,"column":46}},"66":{"start":{"line":154,"column":8},"end":{"line":154,"column":68}},"67":{"start":{"line":156,"column":8},"end":{"line":156,"column":32}},"68":{"start":{"line":8,"column":0},"end":{"line":8,"column":13}},"69":{"start":{"line":166,"column":85},"end":{"line":166,"column":37842}},"70":{"start":{"line":166,"column":89},"end":{"line":166,"column":37831}},"71":{"start":{"line":166,"column":37957},"end":{"line":166,"column":37963}},"72":{"start":{"line":166,"column":38078},"end":{"line":166,"column":38084}},"73":{"start":{"line":166,"column":38166},"end":{"line":166,"column":38172}},"74":{"start":{"line":166,"column":38257},"end":{"line":166,"column":38263}}},"fnMap":{"0":{"name":"(anonymous_8)","decl":{"start":{"line":12,"column":4},"end":{"line":12,"column":16}},"loc":{"start":{"line":12,"column":28},"end":{"line":15,"column":5}}},"1":{"name":"(anonymous_9)","decl":{"start":{"line":17,"column":10},"end":{"line":17,"column":15}},"loc":{"start":{"line":17,"column":34},"end":{"line":44,"column":null}}},"2":{"name":"(anonymous_11)","decl":{"start":{"line":18,"column":35},"end":{"line":18,"column":37}},"loc":{"start":{"line":18,"column":39},"end":{"line":20,"column":9}}},"3":{"name":"(anonymous_12)","decl":{"start":{"line":27,"column":63},"end":{"line":27,"column":64}},"loc":{"start":{"line":27,"column":104},"end":{"line":27,"column":141}}},"4":{"name":"(anonymous_13)","decl":{"start":{"line":47,"column":17},"end":{"line":47,"column":35}},"loc":{"start":{"line":47,"column":93},"end":{"line":66,"column":null}}},"5":{"name":"(anonymous_15)","decl":{"start":{"line":50,"column":41},"end":{"line":50,"column":42}},"loc":{"start":{"line":50,"column":57},"end":{"line":59,"column":13}}},"6":{"name":"(anonymous_16)","decl":{"start":{"line":69,"column":17},"end":{"line":69,"column":28}},"loc":{"start":{"line":69,"column":117},"end":{"line":98,"column":null}}},"7":{"name":"(anonymous_18)","decl":{"start":{"line":73,"column":36},"end":{"line":73,"column":37}},"loc":{"start":{"line":73,"column":52},"end":{"line":91,"column":13}}},"8":{"name":"(anonymous_19)","decl":{"start":{"line":74,"column":33},"end":{"line":74,"column":34}},"loc":{"start":{"line":74,"column":41},"end":{"line":90,"column":17}}},"9":{"name":"(anonymous_20)","decl":{"start":{"line":101,"column":17},"end":{"line":101,"column":27}},"loc":{"start":{"line":101,"column":85},"end":{"line":118,"column":null}}},"10":{"name":"(anonymous_22)","decl":{"start":{"line":104,"column":41},"end":{"line":104,"column":42}},"loc":{"start":{"line":104,"column":57},"end":{"line":111,"column":13}}},"11":{"name":"(anonymous_23)","decl":{"start":{"line":121,"column":17},"end":{"line":121,"column":31}},"loc":{"start":{"line":121,"column":125},"end":{"line":137,"column":null}}},"12":{"name":"(anonymous_25)","decl":{"start":{"line":124,"column":36},"end":{"line":124,"column":37}},"loc":{"start":{"line":124,"column":52},"end":{"line":132,"column":13}}},"13":{"name":"(anonymous_26)","decl":{"start":{"line":140,"column":17},"end":{"line":140,"column":38}},"loc":{"start":{"line":140,"column":128},"end":{"line":157,"column":null}}},"14":{"name":"(anonymous_28)","decl":{"start":{"line":143,"column":41},"end":{"line":143,"column":42}},"loc":{"start":{"line":143,"column":57},"end":{"line":145,"column":9}}},"15":{"name":"(anonymous_29)","decl":{"start":{"line":146,"column":36},"end":{"line":146,"column":37}},"loc":{"start":{"line":146,"column":53},"end":{"line":152,"column":9}}},"16":{"name":"oo_cm","decl":{"start":{"line":166,"column":77},"end":{"line":166,"column":82}},"loc":{"start":{"line":166,"column":82},"end":{"line":166,"column":37843}}}},"branchMap":{"0":{"loc":{"start":{"line":24,"column":12},"end":{"line":43,"column":13}},"type":"if","locations":[{"start":{"line":24,"column":12},"end":{"line":43,"column":13}},{"start":{"line":41,"column":19},"end":{"line":43,"column":13}}]},"1":{"loc":{"start":{"line":26,"column":16},"end":{"line":40,"column":17}},"type":"if","locations":[{"start":{"line":26,"column":16},"end":{"line":40,"column":17}},{"start":{"line":38,"column":23},"end":{"line":40,"column":17}}]},"2":{"loc":{"start":{"line":26,"column":20},"end":{"line":26,"column":59}},"type":"binary-expr","locations":[{"start":{"line":26,"column":20},"end":{"line":26,"column":32}},{"start":{"line":26,"column":36},"end":{"line":26,"column":59}}]},"3":{"loc":{"start":{"line":49,"column":8},"end":{"line":63,"column":9}},"type":"if","locations":[{"start":{"line":49,"column":8},"end":{"line":63,"column":9}},{"start":{"line":61,"column":15},"end":{"line":63,"column":9}}]},"4":{"loc":{"start":{"line":51,"column":16},"end":{"line":58,"column":17}},"type":"if","locations":[{"start":{"line":51,"column":16},"end":{"line":58,"column":17}}]},"5":{"loc":{"start":{"line":51,"column":20},"end":{"line":51,"column":111}},"type":"binary-expr","locations":[{"start":{"line":51,"column":20},"end":{"line":51,"column":62}},{"start":{"line":51,"column":66},"end":{"line":51,"column":111}}]},"6":{"loc":{"start":{"line":71,"column":8},"end":{"line":94,"column":9}},"type":"if","locations":[{"start":{"line":71,"column":8},"end":{"line":94,"column":9}},{"start":{"line":92,"column":15},"end":{"line":94,"column":9}}]},"7":{"loc":{"start":{"line":71,"column":12},"end":{"line":71,"column":57}},"type":"binary-expr","locations":[{"start":{"line":71,"column":12},"end":{"line":71,"column":27}},{"start":{"line":71,"column":31},"end":{"line":71,"column":57}}]},"8":{"loc":{"start":{"line":76,"column":20},"end":{"line":80,"column":21}},"type":"if","locations":[{"start":{"line":76,"column":20},"end":{"line":80,"column":21}},{"start":{"line":78,"column":27},"end":{"line":80,"column":21}}]},"9":{"loc":{"start":{"line":78,"column":27},"end":{"line":80,"column":21}},"type":"if","locations":[{"start":{"line":78,"column":27},"end":{"line":80,"column":21}}]},"10":{"loc":{"start":{"line":82,"column":20},"end":{"line":89,"column":21}},"type":"if","locations":[{"start":{"line":82,"column":20},"end":{"line":89,"column":21}}]},"11":{"loc":{"start":{"line":82,"column":24},"end":{"line":82,"column":189}},"type":"binary-expr","locations":[{"start":{"line":82,"column":24},"end":{"line":82,"column":66}},{"start":{"line":82,"column":70},"end":{"line":82,"column":121}},{"start":{"line":82,"column":125},"end":{"line":82,"column":189}}]},"12":{"loc":{"start":{"line":103,"column":8},"end":{"line":115,"column":9}},"type":"if","locations":[{"start":{"line":103,"column":8},"end":{"line":115,"column":9}},{"start":{"line":113,"column":15},"end":{"line":115,"column":9}}]},"13":{"loc":{"start":{"line":105,"column":16},"end":{"line":110,"column":17}},"type":"if","locations":[{"start":{"line":105,"column":16},"end":{"line":110,"column":17}}]},"14":{"loc":{"start":{"line":107,"column":20},"end":{"line":109,"column":21}},"type":"if","locations":[{"start":{"line":107,"column":20},"end":{"line":109,"column":21}}]},"15":{"loc":{"start":{"line":123,"column":8},"end":{"line":134,"column":9}},"type":"if","locations":[{"start":{"line":123,"column":8},"end":{"line":134,"column":9}}]},"16":{"loc":{"start":{"line":123,"column":12},"end":{"line":123,"column":57}},"type":"binary-expr","locations":[{"start":{"line":123,"column":12},"end":{"line":123,"column":27}},{"start":{"line":123,"column":31},"end":{"line":123,"column":57}}]},"17":{"loc":{"start":{"line":125,"column":16},"end":{"line":131,"column":17}},"type":"if","locations":[{"start":{"line":125,"column":16},"end":{"line":131,"column":17}}]},"18":{"loc":{"start":{"line":128,"column":20},"end":{"line":130,"column":21}},"type":"if","locations":[{"start":{"line":128,"column":20},"end":{"line":130,"column":21}}]},"19":{"loc":{"start":{"line":128,"column":24},"end":{"line":128,"column":143}},"type":"binary-expr","locations":[{"start":{"line":128,"column":24},"end":{"line":128,"column":54}},{"start":{"line":128,"column":58},"end":{"line":128,"column":102}},{"start":{"line":128,"column":107},"end":{"line":128,"column":142}}]},"20":{"loc":{"start":{"line":166,"column":96},"end":{"line":166,"column":37830}},"type":"binary-expr","locations":[{"start":{"line":166,"column":96},"end":{"line":166,"column":133}},{"start":{"line":166,"column":137},"end":{"line":166,"column":37830}}]}},"s":{"0":1,"1":1,"2":1,"3":1,"4":1,"5":0,"6":0,"7":0,"8":0,"9":0,"10":0,"11":0,"12":0,"13":0,"14":0,"15":0,"16":0,"17":0,"18":0,"19":0,"20":0,"21":0,"22":0,"23":0,"24":0,"25":0,"26":0,"27":0,"28":0,"29":0,"30":0,"31":0,"32":0,"33":0,"34":0,"35":0,"36":0,"37":0,"38":0,"39":0,"40":0,"41":0,"42":0,"43":0,"44":0,"45":0,"46":0,"47":0,"48":0,"49":0,"50":0,"51":0,"52":3,"53":3,"54":2,"55":6,"56":6,"57":6,"58":1,"59":3,"60":2,"61":2,"62":2,"63":2,"64":3,"65":3,"66":2,"67":2,"68":1,"69":0,"70":0,"71":1,"72":1,"73":1,"74":1},"f":{"0":1,"1":0,"2":0,"3":0,"4":0,"5":0,"6":0,"7":0,"8":0,"9":0,"10":0,"11":3,"12":6,"13":2,"14":2,"15":3,"16":0},"b":{"0":[0,0],"1":[0,0],"2":[0,0],"3":[0,0],"4":[0],"5":[0,0],"6":[0,0],"7":[0,0],"8":[0,0],"9":[0],"10":[0],"11":[0,0,0],"12":[0,0],"13":[0],"14":[0],"15":[2],"16":[3,3],"17":[6],"18":[1],"19":[6,2,2],"20":[0,0]}}
,"C:\\Users\\mnoth\\OneDrive\\Seen\\src\\functions\\fetchData.ts": {"path":"C:\\Users\\mnoth\\OneDrive\\Seen\\src\\functions\\fetchData.ts","statementMap":{"0":{"start":{"line":1,"column":0},"end":{"line":1,"column":26}},"1":{"start":{"line":5,"column":60},"end":{"line":5,"column":62}},"2":{"start":{"line":6,"column":4},"end":{"line":24,"column":5}},"3":{"start":{"line":7,"column":25},"end":{"line":7,"column":95}},"4":{"start":{"line":8,"column":8},"end":{"line":18,"column":12}},"5":{"start":{"line":8,"column":57},"end":{"line":18,"column":10}},"6":{"start":{"line":20,"column":8},"end":{"line":20,"column":29}},"7":{"start":{"line":23,"column":8},"end":{"line":23,"column":53}},"8":{"start":{"line":4,"column":0},"end":{"line":4,"column":22}}},"fnMap":{"0":{"name":"fetchData","decl":{"start":{"line":4,"column":22},"end":{"line":4,"column":31}},"loc":{"start":{"line":4,"column":31},"end":{"line":25,"column":null}}},"1":{"name":"(anonymous_10)","decl":{"start":{"line":8,"column":41},"end":{"line":8,"column":42}},"loc":{"start":{"line":8,"column":57},"end":{"line":18,"column":10}}}},"branchMap":{},"s":{"0":2,"1":0,"2":0,"3":0,"4":0,"5":0,"6":0,"7":0,"8":2},"f":{"0":0,"1":0},"b":{}}
,"C:\\Users\\mnoth\\OneDrive\\Seen\\src\\functions\\sendOutput.ts": {"path":"C:\\Users\\mnoth\\OneDrive\\Seen\\src\\functions\\sendOutput.ts","statementMap":{"0":{"start":{"line":4,"column":4},"end":{"line":10,"column":7}},"1":{"start":{"line":5,"column":8},"end":{"line":9,"column":9}},"2":{"start":{"line":6,"column":12},"end":{"line":6,"column":30}},"3":{"start":{"line":8,"column":12},"end":{"line":8,"column":68}},"4":{"start":{"line":11,"column":24},"end":{"line":11,"column":132}},"5":{"start":{"line":3,"column":0},"end":{"line":3,"column":16}},"6":{"start":{"line":19,"column":85},"end":{"line":19,"column":37842}},"7":{"start":{"line":19,"column":89},"end":{"line":19,"column":37831}},"8":{"start":{"line":19,"column":37957},"end":{"line":19,"column":37963}},"9":{"start":{"line":19,"column":38078},"end":{"line":19,"column":38084}},"10":{"start":{"line":19,"column":38166},"end":{"line":19,"column":38172}},"11":{"start":{"line":19,"column":38257},"end":{"line":19,"column":38263}}},"fnMap":{"0":{"name":"sendOutput","decl":{"start":{"line":3,"column":16},"end":{"line":3,"column":26}},"loc":{"start":{"line":3,"column":57},"end":{"line":12,"column":1}}},"1":{"name":"(anonymous_1)","decl":{"start":{"line":4,"column":17},"end":{"line":4,"column":18}},"loc":{"start":{"line":4,"column":49},"end":{"line":10,"column":5}}},"2":{"name":"oo_cm","decl":{"start":{"line":19,"column":77},"end":{"line":19,"column":82}},"loc":{"start":{"line":19,"column":82},"end":{"line":19,"column":37843}}}},"branchMap":{"0":{"loc":{"start":{"line":5,"column":8},"end":{"line":9,"column":9}},"type":"if","locations":[{"start":{"line":5,"column":8},"end":{"line":9,"column":9}},{"start":{"line":7,"column":15},"end":{"line":9,"column":9}}]},"1":{"loc":{"start":{"line":19,"column":96},"end":{"line":19,"column":37830}},"type":"binary-expr","locations":[{"start":{"line":19,"column":96},"end":{"line":19,"column":133}},{"start":{"line":19,"column":137},"end":{"line":19,"column":37830}}]}},"s":{"0":0,"1":0,"2":0,"3":0,"4":0,"5":2,"6":0,"7":0,"8":2,"9":2,"10":2,"11":2},"f":{"0":0,"1":0,"2":0},"b":{"0":[0,0],"1":[0,0]}}
}
