TN:
SF:build\api1.js
FN:2,(anonymous_0)
FN:3,adopt
FN:3,(anonymous_2)
FN:4,(anonymous_3)
FN:5,fulfilled
FN:6,rejected
FN:7,step
FN:11,(anonymous_7)
FN:20,(anonymous_8)
FN:24,(anonymous_9)
FN:25,(anonymous_10)
FN:26,(anonymous_11)
FN:34,(anonymous_12)
FN:52,(anonymous_13)
FN:53,(anonymous_14)
FN:58,(anonymous_15)
FN:91,(anonymous_16)
FN:92,(anonymous_17)
FN:95,(anonymous_18)
FN:95,(anonymous_19)
FN:97,(anonymous_20)
FN:120,(anonymous_21)
FN:121,(anonymous_22)
FN:124,(anonymous_23)
FN:152,oo_cm
FNF:25
FNH:16
FNDA:12,(anonymous_0)
FNDA:0,adopt
FNDA:0,(anonymous_2)
FNDA:12,(anonymous_3)
FNDA:0,fulfilled
FNDA:0,rejected
FNDA:12,step
FNDA:1,(anonymous_7)
FNDA:1,(anonymous_8)
FNDA:0,(anonymous_9)
FNDA:0,(anonymous_10)
FNDA:0,(anonymous_11)
FNDA:0,(anonymous_12)
FNDA:2,(anonymous_13)
FNDA:2,(anonymous_14)
FNDA:2,(anonymous_15)
FNDA:5,(anonymous_16)
FNDA:5,(anonymous_17)
FNDA:2,(anonymous_18)
FNDA:2,(anonymous_19)
FNDA:2,(anonymous_20)
FNDA:3,(anonymous_21)
FNDA:3,(anonymous_22)
FNDA:2,(anonymous_23)
FNDA:0,oo_cm
DA:2,1
DA:3,0
DA:4,12
DA:5,0
DA:6,0
DA:7,12
DA:8,12
DA:11,1
DA:12,1
DA:14,1
DA:15,1
DA:16,1
DA:17,1
DA:18,1
DA:21,1
DA:22,1
DA:25,0
DA:26,0
DA:27,0
DA:29,0
DA:30,0
DA:31,0
DA:32,0
DA:33,0
DA:34,0
DA:38,0
DA:39,0
DA:40,0
DA:43,0
DA:44,0
DA:48,0
DA:53,2
DA:54,2
DA:55,2
DA:56,2
DA:57,2
DA:58,1
DA:59,2
DA:60,1
DA:75,1
DA:78,1
DA:81,1
DA:84,1
DA:85,1
DA:86,1
DA:88,2
DA:92,5
DA:94,5
DA:95,2
DA:96,2
DA:97,2
DA:98,2
DA:99,0
DA:102,2
DA:103,0
DA:108,4
DA:109,4
DA:112,4
DA:113,4
DA:117,5
DA:121,3
DA:122,3
DA:123,2
DA:124,2
DA:126,2
DA:127,1
DA:132,1
DA:133,1
DA:134,1
DA:135,1
DA:140,1
DA:145,1
DA:152,0
LF:73
LH:52
BRDA:2,0,0,1
BRDA:2,0,1,1
BRDA:2,0,2,1
BRDA:3,1,0,0
BRDA:3,1,1,0
BRDA:4,2,0,12
BRDA:4,2,1,12
BRDA:7,3,0,12
BRDA:7,3,1,0
BRDA:8,4,0,12
BRDA:8,4,1,12
BRDA:11,5,0,1
BRDA:11,5,1,1
BRDA:11,5,2,1
BRDA:12,6,0,0
BRDA:12,6,1,1
BRDA:12,7,0,1
BRDA:12,7,1,1
BRDA:31,8,0,0
BRDA:31,8,1,0
BRDA:33,9,0,0
BRDA:33,9,1,0
BRDA:33,10,0,0
BRDA:33,10,1,0
BRDA:57,11,0,1
BRDA:57,11,1,1
BRDA:57,12,0,2
BRDA:57,12,1,2
BRDA:59,13,0,1
BRDA:59,13,1,1
BRDA:59,14,0,2
BRDA:59,14,1,1
BRDA:94,15,0,1
BRDA:94,15,1,4
BRDA:94,16,0,5
BRDA:94,16,1,5
BRDA:94,16,2,5
BRDA:94,16,3,2
BRDA:98,17,0,0
BRDA:98,17,1,2
BRDA:102,18,0,0
BRDA:102,18,1,2
BRDA:108,19,0,4
BRDA:108,19,1,0
BRDA:112,20,0,4
BRDA:112,20,1,0
BRDA:122,21,0,2
BRDA:122,21,1,1
BRDA:126,22,0,1
BRDA:126,22,1,1
BRDA:132,23,0,0
BRDA:132,23,1,1
BRDA:132,24,0,1
BRDA:132,24,1,1
BRDA:152,25,0,0
BRDA:152,25,1,0
BRF:56
BRH:39
end_of_record
TN:
SF:build\api2.js
FN:2,(anonymous_0)
FN:3,adopt
FN:3,(anonymous_2)
FN:4,(anonymous_3)
FN:5,fulfilled
FN:6,rejected
FN:7,step
FN:11,(anonymous_7)
FN:20,(anonymous_8)
FN:24,(anonymous_9)
FN:25,(anonymous_10)
FN:26,(anonymous_11)
FN:34,(anonymous_12)
FN:51,(anonymous_13)
FN:52,(anonymous_14)
FN:55,(anonymous_15)
FN:72,(anonymous_16)
FN:73,(anonymous_17)
FN:77,(anonymous_18)
FN:78,(anonymous_19)
FN:102,(anonymous_20)
FN:103,(anonymous_21)
FN:106,(anonymous_22)
FN:121,(anonymous_23)
FN:122,(anonymous_24)
FN:125,(anonymous_25)
FN:137,(anonymous_26)
FN:138,(anonymous_27)
FN:141,(anonymous_28)
FN:144,(anonymous_29)
FN:163,oo_cm
FNF:31
FNH:12
FNDA:5,(anonymous_0)
FNDA:0,adopt
FNDA:0,(anonymous_2)
FNDA:5,(anonymous_3)
FNDA:0,fulfilled
FNDA:0,rejected
FNDA:5,step
FNDA:1,(anonymous_7)
FNDA:1,(anonymous_8)
FNDA:0,(anonymous_9)
FNDA:0,(anonymous_10)
FNDA:0,(anonymous_11)
FNDA:0,(anonymous_12)
FNDA:0,(anonymous_13)
FNDA:0,(anonymous_14)
FNDA:0,(anonymous_15)
FNDA:0,(anonymous_16)
FNDA:0,(anonymous_17)
FNDA:0,(anonymous_18)
FNDA:0,(anonymous_19)
FNDA:0,(anonymous_20)
FNDA:0,(anonymous_21)
FNDA:0,(anonymous_22)
FNDA:3,(anonymous_23)
FNDA:3,(anonymous_24)
FNDA:6,(anonymous_25)
FNDA:2,(anonymous_26)
FNDA:2,(anonymous_27)
FNDA:2,(anonymous_28)
FNDA:3,(anonymous_29)
FNDA:0,oo_cm
DA:2,1
DA:3,0
DA:4,5
DA:5,0
DA:6,0
DA:7,5
DA:8,5
DA:11,1
DA:12,1
DA:14,1
DA:15,1
DA:16,1
DA:17,1
DA:18,1
DA:21,1
DA:22,1
DA:25,0
DA:26,0
DA:27,0
DA:29,0
DA:30,0
DA:31,0
DA:32,0
DA:33,0
DA:34,0
DA:35,0
DA:36,0
DA:37,0
DA:38,0
DA:39,0
DA:40,0
DA:43,0
DA:47,0
DA:52,0
DA:53,0
DA:54,0
DA:55,0
DA:56,0
DA:57,0
DA:62,0
DA:67,0
DA:69,0
DA:73,0
DA:74,0
DA:75,0
DA:77,0
DA:78,0
DA:80,0
DA:81,0
DA:83,0
DA:84,0
DA:86,0
DA:87,0
DA:91,0
DA:97,0
DA:99,0
DA:103,0
DA:104,0
DA:105,0
DA:106,0
DA:107,0
DA:108,0
DA:109,0
DA:110,0
DA:116,0
DA:118,0
DA:122,3
DA:123,3
DA:124,3
DA:125,2
DA:126,6
DA:127,6
DA:128,6
DA:129,1
DA:134,3
DA:138,2
DA:140,2
DA:141,2
DA:142,2
DA:144,2
DA:145,3
DA:149,3
DA:151,2
DA:152,2
DA:156,1
DA:163,0
LF:86
LH:32
BRDA:2,0,0,1
BRDA:2,0,1,1
BRDA:2,0,2,1
BRDA:3,1,0,0
BRDA:3,1,1,0
BRDA:4,2,0,5
BRDA:4,2,1,5
BRDA:7,3,0,5
BRDA:7,3,1,0
BRDA:8,4,0,5
BRDA:8,4,1,5
BRDA:11,5,0,1
BRDA:11,5,1,1
BRDA:11,5,2,1
BRDA:12,6,0,0
BRDA:12,6,1,1
BRDA:12,7,0,1
BRDA:12,7,1,1
BRDA:31,8,0,0
BRDA:31,8,1,0
BRDA:33,9,0,0
BRDA:33,9,1,0
BRDA:33,10,0,0
BRDA:33,10,1,0
BRDA:54,11,0,0
BRDA:54,11,1,0
BRDA:56,12,0,0
BRDA:56,12,1,0
BRDA:56,13,0,0
BRDA:56,13,1,0
BRDA:75,14,0,0
BRDA:75,14,1,0
BRDA:75,15,0,0
BRDA:75,15,1,0
BRDA:80,16,0,0
BRDA:80,16,1,0
BRDA:83,17,0,0
BRDA:83,17,1,0
BRDA:86,18,0,0
BRDA:86,18,1,0
BRDA:86,19,0,0
BRDA:86,19,1,0
BRDA:86,19,2,0
BRDA:105,20,0,0
BRDA:105,20,1,0
BRDA:107,21,0,0
BRDA:107,21,1,0
BRDA:109,22,0,0
BRDA:109,22,1,0
BRDA:124,23,0,2
BRDA:124,23,1,1
BRDA:124,24,0,3
BRDA:124,24,1,3
BRDA:126,25,0,6
BRDA:126,25,1,0
BRDA:128,26,0,1
BRDA:128,26,1,5
BRDA:128,27,0,6
BRDA:128,27,1,2
BRDA:128,27,2,2
BRDA:163,28,0,0
BRDA:163,28,1,0
BRF:62
BRH:24
end_of_record
TN:
SF:build\functions\fetchData.js
FN:2,(anonymous_0)
FN:3,adopt
FN:3,(anonymous_2)
FN:4,(anonymous_3)
FN:5,fulfilled
FN:6,rejected
FN:7,step
FN:11,(anonymous_7)
FN:17,fetchData
FN:18,(anonymous_9)
FN:22,(anonymous_10)
FNF:11
FNH:1
FNDA:0,(anonymous_0)
FNDA:0,adopt
FNDA:0,(anonymous_2)
FNDA:0,(anonymous_3)
FNDA:0,fulfilled
FNDA:0,rejected
FNDA:0,step
FNDA:2,(anonymous_7)
FNDA:0,fetchData
FNDA:0,(anonymous_9)
FNDA:0,(anonymous_10)
DA:2,2
DA:3,0
DA:4,0
DA:5,0
DA:6,0
DA:7,0
DA:8,0
DA:11,2
DA:12,2
DA:14,2
DA:15,2
DA:16,2
DA:18,0
DA:19,0
DA:20,0
DA:21,0
DA:22,0
DA:33,0
DA:36,0
DA:40,2
LF:20
LH:7
BRDA:2,0,0,2
BRDA:2,0,1,2
BRDA:2,0,2,2
BRDA:3,1,0,0
BRDA:3,1,1,0
BRDA:4,2,0,0
BRDA:4,2,1,0
BRDA:7,3,0,0
BRDA:7,3,1,0
BRDA:8,4,0,0
BRDA:8,4,1,0
BRDA:11,5,0,2
BRDA:11,5,1,2
BRDA:11,5,2,2
BRDA:12,6,0,0
BRDA:12,6,1,2
BRDA:12,7,0,2
BRDA:12,7,1,2
BRF:18
BRH:9
end_of_record
TN:
SF:build\functions\sendOutput.js
FN:4,sendOutput
FN:5,(anonymous_1)
FN:22,oo_cm
FNF:3
FNH:0
FNDA:0,sendOutput
FNDA:0,(anonymous_1)
FNDA:0,oo_cm
DA:2,2
DA:3,2
DA:5,0
DA:6,0
DA:7,0
DA:10,0
DA:13,0
DA:15,2
DA:22,0
LF:9
LH:3
BRDA:6,0,0,0
BRDA:6,0,1,0
BRDA:22,1,0,0
BRDA:22,1,1,0
BRF:4
BRH:0
end_of_record
TN:
SF:src\api1.ts
FN:12,(anonymous_8)
FN:17,(anonymous_9)
FN:18,(anonymous_11)
FN:28,(anonymous_12)
FN:48,(anonymous_13)
FN:54,(anonymous_15)
FN:88,(anonymous_16)
FN:92,(anonymous_18)
FN:92,(anonymous_19)
FN:94,(anonymous_20)
FN:115,(anonymous_21)
FN:118,(anonymous_23)
FN:144,oo_cm
FNF:13
FNH:9
FNDA:1,(anonymous_8)
FNDA:0,(anonymous_9)
FNDA:0,(anonymous_11)
FNDA:0,(anonymous_12)
FNDA:2,(anonymous_13)
FNDA:2,(anonymous_15)
FNDA:5,(anonymous_16)
FNDA:2,(anonymous_18)
FNDA:2,(anonymous_19)
FNDA:2,(anonymous_20)
FNDA:3,(anonymous_21)
FNDA:2,(anonymous_23)
FNDA:0,oo_cm
DA:1,1
DA:4,1
DA:5,1
DA:8,1
DA:13,1
DA:14,1
DA:18,0
DA:19,0
DA:22,0
DA:23,0
DA:25,0
DA:26,0
DA:27,0
DA:28,0
DA:34,0
DA:35,0
DA:37,0
DA:40,0
DA:41,0
DA:44,0
DA:49,2
DA:50,2
DA:51,2
DA:53,2
DA:54,1
DA:55,2
DA:56,1
DA:71,1
DA:73,1
DA:77,1
DA:79,1
DA:80,1
DA:81,1
DA:84,2
DA:91,5
DA:92,2
DA:93,2
DA:94,2
DA:95,2
DA:96,0
DA:99,2
DA:100,0
DA:104,4
DA:105,4
DA:107,4
DA:108,4
DA:112,5
DA:116,3
DA:117,2
DA:118,2
DA:119,2
DA:120,1
DA:125,1
DA:126,1
DA:127,1
DA:129,1
DA:133,1
DA:144,1
LF:58
LH:42
BRDA:25,0,0,0
BRDA:25,0,1,0
BRDA:27,1,0,0
BRDA:27,1,1,0
BRDA:27,2,0,0
BRDA:27,2,1,0
BRDA:53,3,0,1
BRDA:53,3,1,1
BRDA:53,4,0,2
BRDA:53,4,1,2
BRDA:55,5,0,1
BRDA:55,5,1,1
BRDA:55,6,0,2
BRDA:55,6,1,1
BRDA:91,7,0,1
BRDA:91,7,1,4
BRDA:91,8,0,5
BRDA:91,8,1,5
BRDA:91,8,2,5
BRDA:91,8,3,2
BRDA:95,9,0,0
BRDA:99,10,0,0
BRDA:104,11,0,4
BRDA:107,12,0,4
BRDA:116,13,0,2
BRDA:116,13,1,1
BRDA:119,14,0,1
BRDA:125,15,0,0
BRDA:125,15,1,1
BRDA:125,16,0,1
BRDA:125,16,1,1
BRDA:144,17,0,0
BRDA:144,17,1,0
BRF:33
BRH:22
end_of_record
TN:
SF:src\api2.ts
FN:12,(anonymous_8)
FN:17,(anonymous_9)
FN:18,(anonymous_11)
FN:27,(anonymous_12)
FN:47,(anonymous_13)
FN:50,(anonymous_15)
FN:69,(anonymous_16)
FN:73,(anonymous_18)
FN:74,(anonymous_19)
FN:101,(anonymous_20)
FN:104,(anonymous_22)
FN:121,(anonymous_23)
FN:124,(anonymous_25)
FN:140,(anonymous_26)
FN:143,(anonymous_28)
FN:146,(anonymous_29)
FN:166,oo_cm
FNF:17
FNH:6
FNDA:1,(anonymous_8)
FNDA:0,(anonymous_9)
FNDA:0,(anonymous_11)
FNDA:0,(anonymous_12)
FNDA:0,(anonymous_13)
FNDA:0,(anonymous_15)
FNDA:0,(anonymous_16)
FNDA:0,(anonymous_18)
FNDA:0,(anonymous_19)
FNDA:0,(anonymous_20)
FNDA:0,(anonymous_22)
FNDA:3,(anonymous_23)
FNDA:6,(anonymous_25)
FNDA:2,(anonymous_26)
FNDA:2,(anonymous_28)
FNDA:3,(anonymous_29)
FNDA:0,oo_cm
DA:1,1
DA:4,1
DA:5,1
DA:8,1
DA:13,1
DA:14,1
DA:18,0
DA:19,0
DA:22,0
DA:23,0
DA:24,0
DA:25,0
DA:26,0
DA:27,0
DA:29,0
DA:30,0
DA:32,0
DA:33,0
DA:35,0
DA:36,0
DA:39,0
DA:42,0
DA:48,0
DA:49,0
DA:50,0
DA:51,0
DA:52,0
DA:57,0
DA:62,0
DA:65,0
DA:70,0
DA:71,0
DA:73,0
DA:74,0
DA:76,0
DA:77,0
DA:78,0
DA:79,0
DA:82,0
DA:83,0
DA:88,0
DA:93,0
DA:96,0
DA:102,0
DA:103,0
DA:104,0
DA:105,0
DA:106,0
DA:107,0
DA:108,0
DA:114,0
DA:117,0
DA:122,3
DA:123,3
DA:124,2
DA:125,6
DA:126,6
DA:128,6
DA:129,1
DA:136,3
DA:142,2
DA:143,2
DA:144,2
DA:146,2
DA:147,3
DA:151,3
DA:154,2
DA:156,2
DA:166,1
LF:69
LH:23
BRDA:24,0,0,0
BRDA:24,0,1,0
BRDA:26,1,0,0
BRDA:26,1,1,0
BRDA:26,2,0,0
BRDA:26,2,1,0
BRDA:49,3,0,0
BRDA:49,3,1,0
BRDA:51,4,0,0
BRDA:51,5,0,0
BRDA:51,5,1,0
BRDA:71,6,0,0
BRDA:71,6,1,0
BRDA:71,7,0,0
BRDA:71,7,1,0
BRDA:76,8,0,0
BRDA:76,8,1,0
BRDA:78,9,0,0
BRDA:82,10,0,0
BRDA:82,11,0,0
BRDA:82,11,1,0
BRDA:82,11,2,0
BRDA:103,12,0,0
BRDA:103,12,1,0
BRDA:105,13,0,0
BRDA:107,14,0,0
BRDA:123,15,0,2
BRDA:123,16,0,3
BRDA:123,16,1,3
BRDA:125,17,0,6
BRDA:128,18,0,1
BRDA:128,19,0,6
BRDA:128,19,1,2
BRDA:128,19,2,2
BRDA:166,20,0,0
BRDA:166,20,1,0
BRF:36
BRH:8
end_of_record
TN:
SF:src\functions\fetchData.ts
FN:4,fetchData
FN:8,(anonymous_10)
FNF:2
FNH:0
FNDA:0,fetchData
FNDA:0,(anonymous_10)
DA:1,2
DA:4,2
DA:5,0
DA:6,0
DA:7,0
DA:8,0
DA:20,0
DA:23,0
LF:8
LH:2
BRF:0
BRH:0
end_of_record
TN:
SF:src\functions\sendOutput.ts
FN:3,sendOutput
FN:4,(anonymous_1)
FN:19,oo_cm
FNF:3
FNH:0
FNDA:0,sendOutput
FNDA:0,(anonymous_1)
FNDA:0,oo_cm
DA:3,2
DA:4,0
DA:5,0
DA:6,0
DA:8,0
DA:11,0
DA:19,2
LF:7
LH:2
BRDA:5,0,0,0
BRDA:5,0,1,0
BRDA:19,1,0,0
BRDA:19,1,1,0
BRF:4
BRH:0
end_of_record
