TN:
SF:build\api1.js
FN:2,(anonymous_0)
FN:3,adopt
FN:3,(anonymous_2)
FN:4,(anonymous_3)
FN:5,fulfilled
FN:6,rejected
FN:7,step
FN:11,(anonymous_7)
FN:20,(anonymous_8)
FN:24,(anonymous_9)
FN:25,(anonymous_10)
FN:26,(anonymous_11)
FN:34,(anonymous_12)
FN:52,(anonymous_13)
FN:53,(anonymous_14)
FN:58,(anonymous_15)
FN:91,(anonymous_16)
FN:92,(anonymous_17)
FN:95,(anonymous_18)
FN:95,(anonymous_19)
FN:97,(anonymous_20)
FN:120,(anonymous_21)
FN:121,(anonymous_22)
FN:124,(anonymous_23)
FN:152,oo_cm
FNF:25
FNH:16
FNDA:12,(anonymous_0)
FNDA:0,adopt
FNDA:0,(anonymous_2)
FNDA:12,(anonymous_3)
FNDA:0,fulfilled
FNDA:0,rejected
FNDA:12,step
FNDA:1,(anonymous_7)
FNDA:1,(anonymous_8)
FNDA:0,(anonymous_9)
FNDA:0,(anonymous_10)
FNDA:0,(anonymous_11)
FNDA:0,(anonymous_12)
FNDA:2,(anonymous_13)
FNDA:2,(anonymous_14)
FNDA:2,(anonymous_15)
FNDA:5,(anonymous_16)
FNDA:5,(anonymous_17)
FNDA:2,(anonymous_18)
FNDA:2,(anonymous_19)
FNDA:2,(anonymous_20)
FNDA:3,(anonymous_21)
FNDA:3,(anonymous_22)
FNDA:2,(anonymous_23)
FNDA:0,oo_cm
DA:2,1
DA:3,0
DA:4,12
DA:5,0
DA:6,0
DA:7,12
DA:8,12
DA:11,1
DA:12,1
DA:14,1
DA:15,1
DA:16,1
DA:17,1
DA:18,1
DA:21,1
DA:22,1
DA:25,0
DA:26,0
DA:27,0
DA:29,0
DA:30,0
DA:31,0
DA:32,0
DA:33,0
DA:34,0
DA:38,0
DA:39,0
DA:40,0
DA:43,0
DA:44,0
DA:48,0
DA:53,2
DA:54,2
DA:55,2
DA:56,2
DA:57,2
DA:58,1
DA:59,2
DA:60,1
DA:75,1
DA:78,1
DA:81,1
DA:84,1
DA:85,1
DA:86,1
DA:88,2
DA:92,5
DA:94,5
DA:95,2
DA:96,2
DA:97,2
DA:98,2
DA:99,0
DA:102,2
DA:103,0
DA:108,4
DA:109,4
DA:112,4
DA:113,4
DA:117,5
DA:121,3
DA:122,3
DA:123,2
DA:124,2
DA:126,2
DA:127,1
DA:132,1
DA:133,1
DA:134,1
DA:135,1
DA:140,1
DA:145,1
DA:152,0
LF:73
LH:52
BRDA:2,0,0,1
BRDA:2,0,1,1
BRDA:2,0,2,1
BRDA:3,1,0,0
BRDA:3,1,1,0
BRDA:4,2,0,12
BRDA:4,2,1,12
BRDA:7,3,0,12
BRDA:7,3,1,0
BRDA:8,4,0,12
BRDA:8,4,1,12
BRDA:11,5,0,1
BRDA:11,5,1,1
BRDA:11,5,2,1
BRDA:12,6,0,0
BRDA:12,6,1,1
BRDA:12,7,0,1
BRDA:12,7,1,1
BRDA:31,8,0,0
BRDA:31,8,1,0
BRDA:33,9,0,0
BRDA:33,9,1,0
BRDA:33,10,0,0
BRDA:33,10,1,0
BRDA:57,11,0,1
BRDA:57,11,1,1
BRDA:57,12,0,2
BRDA:57,12,1,2
BRDA:59,13,0,1
BRDA:59,13,1,1
BRDA:59,14,0,2
BRDA:59,14,1,1
BRDA:94,15,0,1
BRDA:94,15,1,4
BRDA:94,16,0,5
BRDA:94,16,1,5
BRDA:94,16,2,5
BRDA:94,16,3,2
BRDA:98,17,0,0
BRDA:98,17,1,2
BRDA:102,18,0,0
BRDA:102,18,1,2
BRDA:108,19,0,4
BRDA:108,19,1,0
BRDA:112,20,0,4
BRDA:112,20,1,0
BRDA:122,21,0,2
BRDA:122,21,1,1
BRDA:126,22,0,1
BRDA:126,22,1,1
BRDA:132,23,0,0
BRDA:132,23,1,1
BRDA:132,24,0,1
BRDA:132,24,1,1
BRDA:152,25,0,0
BRDA:152,25,1,0
BRF:56
BRH:39
end_of_record
TN:
SF:build\functions\fetchData.js
FN:2,(anonymous_0)
FN:3,adopt
FN:3,(anonymous_2)
FN:4,(anonymous_3)
FN:5,fulfilled
FN:6,rejected
FN:7,step
FN:11,(anonymous_7)
FN:17,fetchData
FN:18,(anonymous_9)
FN:22,(anonymous_10)
FNF:11
FNH:1
FNDA:0,(anonymous_0)
FNDA:0,adopt
FNDA:0,(anonymous_2)
FNDA:0,(anonymous_3)
FNDA:0,fulfilled
FNDA:0,rejected
FNDA:0,step
FNDA:1,(anonymous_7)
FNDA:0,fetchData
FNDA:0,(anonymous_9)
FNDA:0,(anonymous_10)
DA:2,1
DA:3,0
DA:4,0
DA:5,0
DA:6,0
DA:7,0
DA:8,0
DA:11,1
DA:12,1
DA:14,1
DA:15,1
DA:16,1
DA:18,0
DA:19,0
DA:20,0
DA:21,0
DA:22,0
DA:33,0
DA:36,0
DA:40,1
LF:20
LH:7
BRDA:2,0,0,1
BRDA:2,0,1,1
BRDA:2,0,2,1
BRDA:3,1,0,0
BRDA:3,1,1,0
BRDA:4,2,0,0
BRDA:4,2,1,0
BRDA:7,3,0,0
BRDA:7,3,1,0
BRDA:8,4,0,0
BRDA:8,4,1,0
BRDA:11,5,0,1
BRDA:11,5,1,1
BRDA:11,5,2,1
BRDA:12,6,0,0
BRDA:12,6,1,1
BRDA:12,7,0,1
BRDA:12,7,1,1
BRF:18
BRH:9
end_of_record
TN:
SF:build\functions\sendOutput.js
FN:4,sendOutput
FN:5,(anonymous_1)
FN:22,oo_cm
FNF:3
FNH:0
FNDA:0,sendOutput
FNDA:0,(anonymous_1)
FNDA:0,oo_cm
DA:2,1
DA:3,1
DA:5,0
DA:6,0
DA:7,0
DA:10,0
DA:13,0
DA:15,1
DA:22,0
LF:9
LH:3
BRDA:6,0,0,0
BRDA:6,0,1,0
BRDA:22,1,0,0
BRDA:22,1,1,0
BRF:4
BRH:0
end_of_record
TN:
SF:src\api1.ts
FN:12,(anonymous_8)
FN:17,(anonymous_9)
FN:18,(anonymous_11)
FN:28,(anonymous_12)
FN:48,(anonymous_13)
FN:54,(anonymous_15)
FN:88,(anonymous_16)
FN:92,(anonymous_18)
FN:92,(anonymous_19)
FN:94,(anonymous_20)
FN:115,(anonymous_21)
FN:118,(anonymous_23)
FN:144,oo_cm
FNF:13
FNH:9
FNDA:1,(anonymous_8)
FNDA:0,(anonymous_9)
FNDA:0,(anonymous_11)
FNDA:0,(anonymous_12)
FNDA:2,(anonymous_13)
FNDA:2,(anonymous_15)
FNDA:5,(anonymous_16)
FNDA:2,(anonymous_18)
FNDA:2,(anonymous_19)
FNDA:2,(anonymous_20)
FNDA:3,(anonymous_21)
FNDA:2,(anonymous_23)
FNDA:0,oo_cm
DA:1,1
DA:4,1
DA:5,1
DA:8,1
DA:13,1
DA:14,1
DA:18,0
DA:19,0
DA:22,0
DA:23,0
DA:25,0
DA:26,0
DA:27,0
DA:28,0
DA:34,0
DA:35,0
DA:37,0
DA:40,0
DA:41,0
DA:44,0
DA:49,2
DA:50,2
DA:51,2
DA:53,2
DA:54,1
DA:55,2
DA:56,1
DA:71,1
DA:73,1
DA:77,1
DA:79,1
DA:80,1
DA:81,1
DA:84,2
DA:91,5
DA:92,2
DA:93,2
DA:94,2
DA:95,2
DA:96,0
DA:99,2
DA:100,0
DA:104,4
DA:105,4
DA:107,4
DA:108,4
DA:112,5
DA:116,3
DA:117,2
DA:118,2
DA:119,2
DA:120,1
DA:125,1
DA:126,1
DA:127,1
DA:129,1
DA:133,1
DA:144,1
LF:58
LH:42
BRDA:25,0,0,0
BRDA:25,0,1,0
BRDA:27,1,0,0
BRDA:27,1,1,0
BRDA:27,2,0,0
BRDA:27,2,1,0
BRDA:53,3,0,1
BRDA:53,3,1,1
BRDA:53,4,0,2
BRDA:53,4,1,2
BRDA:55,5,0,1
BRDA:55,5,1,1
BRDA:55,6,0,2
BRDA:55,6,1,1
BRDA:91,7,0,1
BRDA:91,7,1,4
BRDA:91,8,0,5
BRDA:91,8,1,5
BRDA:91,8,2,5
BRDA:91,8,3,2
BRDA:95,9,0,0
BRDA:99,10,0,0
BRDA:104,11,0,4
BRDA:107,12,0,4
BRDA:116,13,0,2
BRDA:116,13,1,1
BRDA:119,14,0,1
BRDA:125,15,0,0
BRDA:125,15,1,1
BRDA:125,16,0,1
BRDA:125,16,1,1
BRDA:144,17,0,0
BRDA:144,17,1,0
BRF:33
BRH:22
end_of_record
TN:
SF:src\functions\fetchData.ts
FN:4,fetchData
FN:8,(anonymous_10)
FNF:2
FNH:0
FNDA:0,fetchData
FNDA:0,(anonymous_10)
DA:1,1
DA:4,1
DA:5,0
DA:6,0
DA:7,0
DA:8,0
DA:20,0
DA:23,0
LF:8
LH:2
BRF:0
BRH:0
end_of_record
TN:
SF:src\functions\sendOutput.ts
FN:3,sendOutput
FN:4,(anonymous_1)
FN:19,oo_cm
FNF:3
FNH:0
FNDA:0,sendOutput
FNDA:0,(anonymous_1)
FNDA:0,oo_cm
DA:3,1
DA:4,0
DA:5,0
DA:6,0
DA:8,0
DA:11,0
DA:19,1
LF:7
LH:2
BRDA:5,0,0,0
BRDA:5,0,1,0
BRDA:19,1,0,0
BRDA:19,1,1,0
BRF:4
BRH:0
end_of_record
